#
# There is insufficient memory for the Java Runtime Environment to continue.
# Native memory allocation (mmap) failed to map 65536 bytes for Failed to commit metaspace.
# Possible reasons:
#   The system is out of physical RAM or swap space
#   The process is running with CompressedOops enabled, and the Java Heap may be blocking the growth of the native heap
# Possible solutions:
#   Reduce memory load on the system
#   Increase physical memory or swap space
#   Check if swap backing store is full
#   Decrease Java heap size (-Xmx/-Xms)
#   Decrease number of Java threads
#   Decrease Java thread stack sizes (-Xss)
#   Set larger code cache with -XX:ReservedCodeCacheSize=
#   JVM is running with Zero Based Compressed Oops mode in which the Java heap is
#     placed in the first 32GB address space. The Java Heap base address is the
#     maximum limit for the native heap growth. Please use -XX:HeapBaseMinAddress
#     to set the Java Heap base and to place the Java Heap above 32GB virtual address.
# This output file may be truncated or incomplete.
#
#  Out of Memory Error (virtualSpaceNode.cpp:112), pid=8088, tid=7480
#
# JRE version: Java(TM) SE Runtime Environment (21.0.9+7) (build 21.0.9+7-LTS-338)
# Java VM: Java HotSpot(TM) 64-Bit Server VM (21.0.9+7-LTS-338, mixed mode, sharing, tiered, compressed oops, compressed class ptrs, g1 gc, windows-amd64)
# No core dump will be written. Minidumps are not enabled by default on client versions of Windows
#

---------------  S U M M A R Y ------------

Command Line: c:\Users\Admin\.vscode\extensions\salesforce.salesforce-vscode-slds-2.0.12\lsp-2.0.12-executable.jar --PORT=50642

Host: 13th Gen Intel(R) Core(TM) i5-13420H, 12 cores, 15G,  Windows 11 , 64 bit Build 26100 (10.0.26100.6725)
Time: Mon Nov 10 13:45:42 2025 elapsed time: 8.538829 seconds (0d 0h 0m 8s)

---------------  T H R E A D  ---------------

Current thread (0x000001cb90c1e100):  JavaThread "main"             [_thread_in_vm, id=7480, stack(0x00000047b4600000,0x00000047b4700000) (1024K)]

Stack: [0x00000047b4600000,0x00000047b4700000]
Native frames: (J=compiled Java code, j=interpreted, Vv=VM code, C=native code)
V  [jvm.dll+0x6cbf89]
V  [jvm.dll+0x858421]
V  [jvm.dll+0x85a94e]
V  [jvm.dll+0x85b023]
V  [jvm.dll+0x27ebc6]
V  [jvm.dll+0x85403e]
V  [jvm.dll+0x66fcf5]
V  [jvm.dll+0x1e4c4c]
V  [jvm.dll+0x1e4a1e]
V  [jvm.dll+0x672623]
V  [jvm.dll+0x672442]
V  [jvm.dll+0x6706ce]
V  [jvm.dll+0x3bec2f]
V  [jvm.dll+0x20db5b]
V  [jvm.dll+0x5aec56]
V  [jvm.dll+0x7d2486]
V  [jvm.dll+0x4725b6]
V  [jvm.dll+0x478438]
C  [java.dll+0x17ec]

Java frames: (J=compiled Java code, j=interpreted, Vv=VM code)
J 1000  java.lang.ClassLoader.defineClass1(Ljava/lang/ClassLoader;Ljava/lang/String;[BIILjava/security/ProtectionDomain;Ljava/lang/String;)Ljava/lang/Class; java.base@21.0.9 (0 bytes) @ 0x000001cba26d1211 [0x000001cba26d1140+0x00000000000000d1]
J 1483 c1 java.lang.ClassLoader.defineClass(Ljava/lang/String;[BIILjava/security/ProtectionDomain;)Ljava/lang/Class; java.base@21.0.9 (43 bytes) @ 0x000001cb9ae0db8c [0x000001cb9ae0d820+0x000000000000036c]
J 1573 c1 java.security.SecureClassLoader.defineClass(Ljava/lang/String;[BIILjava/security/CodeSource;)Ljava/lang/Class; java.base@21.0.9 (16 bytes) @ 0x000001cb9ae3911c [0x000001cb9ae39040+0x00000000000000dc]
J 1430 c1 java.net.URLClassLoader.defineClass(Ljava/lang/String;Ljdk/internal/loader/Resource;)Ljava/lang/Class; java.base@21.0.9 (224 bytes) @ 0x000001cb9adf4c14 [0x000001cb9adf38c0+0x0000000000001354]
J 1557 c1 java.net.URLClassLoader$1.run()Ljava/lang/Class; java.base@21.0.9 (81 bytes) @ 0x000001cb9ae328ec [0x000001cb9ae31c60+0x0000000000000c8c]
J 1556 c1 java.net.URLClassLoader$1.run()Ljava/lang/Object; java.base@21.0.9 (5 bytes) @ 0x000001cb9ae316d4 [0x000001cb9ae31640+0x0000000000000094]
J 1466 c1 java.security.AccessController.doPrivileged(Ljava/security/PrivilegedExceptionAction;Ljava/security/AccessControlContext;)Ljava/lang/Object; java.base@21.0.9 (26 bytes) @ 0x000001cb9ae07814 [0x000001cb9ae07620+0x00000000000001f4]
J 1426 c1 java.net.URLClassLoader.findClass(Ljava/lang/String;)Ljava/lang/Class; java.base@21.0.9 (47 bytes) @ 0x000001cb9adf0a54 [0x000001cb9adf08a0+0x00000000000001b4]
J 1320 c1 java.lang.ClassLoader.loadClass(Ljava/lang/String;Z)Ljava/lang/Class; java.base@21.0.9 (121 bytes) @ 0x000001cb9adb6244 [0x000001cb9adb5c60+0x00000000000005e4]
J 1319 c1 org.springframework.boot.loader.net.protocol.jar.JarUrlClassLoader.loadClass(Ljava/lang/String;Z)Ljava/lang/Class; (53 bytes) @ 0x000001cb9adb4b9c [0x000001cb9adb4640+0x000000000000055c]
J 1318 c1 org.springframework.boot.loader.launch.LaunchedClassLoader.loadClass(Ljava/lang/String;Z)Ljava/lang/Class; (44 bytes) @ 0x000001cb9adb3f8c [0x000001cb9adb3c20+0x000000000000036c]
J 947 c1 java.lang.ClassLoader.loadClass(Ljava/lang/String;)Ljava/lang/Class; java.base@21.0.9 (7 bytes) @ 0x000001cb9ad1fad4 [0x000001cb9ad1f9c0+0x0000000000000114]
v  ~StubRoutines::call_stub 0x000001cba20d100d
j  org.springframework.beans.factory.support.AbstractBeanFactory.<init>()V+52
j  org.springframework.beans.factory.support.AbstractAutowireCapableBeanFactory.<init>()V+1
j  org.springframework.beans.factory.support.DefaultListableBeanFactory.<init>()V+1
j  org.springframework.context.support.GenericApplicationContext.<init>()V+25
j  org.springframework.context.annotation.AnnotationConfigApplicationContext.<init>()V+1
j  org.springframework.boot.DefaultApplicationContextFactory.createDefaultApplicationContext()Lorg/springframework/context/ConfigurableApplicationContext;+10
j  org.springframework.boot.DefaultApplicationContextFactory$$Lambda+0x000001cbb414c518.get()Ljava/lang/Object;+4
j  org.springframework.boot.DefaultApplicationContextFactory.getFromSpringFactories(Lorg/springframework/boot/WebApplicationType;Ljava/util/function/BiFunction;Ljava/util/function/Supplier;)Ljava/lang/Object;+68
j  org.springframework.boot.DefaultApplicationContextFactory.create(Lorg/springframework/boot/WebApplicationType;)Lorg/springframework/context/ConfigurableApplicationContext;+13
j  org.springframework.boot.SpringApplication.createApplicationContext()Lorg/springframework/context/ConfigurableApplicationContext;+8
j  org.springframework.boot.SpringApplication.run([Ljava/lang/String;)Lorg/springframework/context/ConfigurableApplicationContext;+76
j  org.springframework.boot.SpringApplication.run([Ljava/lang/Class;[Ljava/lang/String;)Lorg/springframework/context/ConfigurableApplicationContext;+9
j  org.springframework.boot.SpringApplication.run(Ljava/lang/Class;[Ljava/lang/String;)Lorg/springframework/context/ConfigurableApplicationContext;+9
j  com.salesforce.slds.lsp.ServerLauncher.main([Ljava/lang/String;)V+3
j  java.lang.invoke.LambdaForm$DMH+0x000001cbb4022000.invokeStatic(Ljava/lang/Object;Ljava/lang/Object;)V+10 java.base@21.0.9
j  java.lang.invoke.LambdaForm$MH+0x000001cbb4022c00.invoke(Ljava/lang/Object;Ljava/lang/Object;Ljava/lang/Object;)Ljava/lang/Object;+33 java.base@21.0.9
j  java.lang.invoke.Invokers$Holder.invokeExact_MT(Ljava/lang/Object;Ljava/lang/Object;Ljava/lang/Object;Ljava/lang/Object;)Ljava/lang/Object;+20 java.base@21.0.9
j  jdk.internal.reflect.DirectMethodHandleAccessor.invokeImpl(Ljava/lang/Object;[Ljava/lang/Object;)Ljava/lang/Object;+55 java.base@21.0.9
j  jdk.internal.reflect.DirectMethodHandleAccessor.invoke(Ljava/lang/Object;[Ljava/lang/Object;)Ljava/lang/Object;+23 java.base@21.0.9
j  java.lang.reflect.Method.invoke(Ljava/lang/Object;[Ljava/lang/Object;)Ljava/lang/Object;+102 java.base@21.0.9
j  org.springframework.boot.loader.launch.Launcher.launch(Ljava/lang/ClassLoader;Ljava/lang/String;[Ljava/lang/String;)V+50
j  org.springframework.boot.loader.launch.Launcher.launch([Ljava/lang/String;)V+50
j  org.springframework.boot.loader.launch.JarLauncher.main([Ljava/lang/String;)V+8
v  ~StubRoutines::call_stub 0x000001cba20d100d

Compiled method (n/a)    8566 1000     n 0       java.lang.ClassLoader::defineClass1 (native)
 total in heap  [0x000001cba26d0f90,0x000001cba26d15f0] = 1632
 relocation     [0x000001cba26d10f0,0x000001cba26d1128] = 56
 main code      [0x000001cba26d1140,0x000001cba26d15ef] = 1199
 stub code      [0x000001cba26d15ef,0x000001cba26d15f0] = 1

[Constant Pool (empty)]

[MachCode]
[Entry Point]
  # {method} {0x000001cbb343a5f0} 'defineClass1' '(Ljava/lang/ClassLoader;Ljava/lang/String;[BIILjava/security/ProtectionDomain;Ljava/lang/String;)Ljava/lang/Class;' in 'java/lang/ClassLoader'
  # parm0:    rdx:rdx   = 'java/lang/ClassLoader'
  # parm1:    r8:r8     = 'java/lang/String'
  # parm2:    r9:r9     = '[B'
  # parm3:    rdi       = int
  # parm4:    rsi       = int
  # parm5:    rcx:rcx   = 'java/security/ProtectionDomain'
  # parm6:    [sp+0xa0]   = 'java/lang/String'  (sp of caller)
  0x000001cba26d1140: 448b 5208 | 49bb 0000 | 00b3 cb01 | 0000 4d03 | d349 3bc2 | 0f84 0600 

  0x000001cba26d1158: ;   {runtime_call ic_miss_stub}
  0x000001cba26d1158: 0000 e921 | d6a4 ff90 
[Verified Entry Point]
  0x000001cba26d1160: 8984 2400 | 80ff ff55 | 488b ec48 | 81ec 9000 | 0000 6690 | 4181 7f20 | 0100 0000 

  0x000001cba26d117c: ;   {runtime_call StubRoutines (final stubs)}
  0x000001cba26d117c: 7405 e8dd | 3ba3 ff48 | 837d 1000 | 488d 4510 | 480f 4445 | 1048 8944 | 2440 4889 | 4c24 7048 
  0x000001cba26d119c: 83f9 0048 | 8d44 2470 | 480f 4444 | 2470 4889 | 4424 3848 | 8974 2430 | 4889 7c24 | 284c 894c 
  0x000001cba26d11bc: 2458 4983 | f900 488d | 4424 5848 | 0f44 4424 | 5848 8944 | 2420 4c89 | 4424 5049 | 83f8 004c 
  0x000001cba26d11dc: 8d4c 2450 | 4c0f 444c | 2450 4889 | 5424 4848 | 83fa 004c | 8d44 2448 | 4c0f 4444 

  0x000001cba26d11f8: ;   {oop(a 'java/lang/Class'{0x000000071128f7d0} = 'java/lang/ClassLoader')}
  0x000001cba26d11f8: 2448 49be | d0f7 2811 | 0700 0000 | 4c89 7424 | 784c 8d74 | 2478 498b | d6c5 f877 

  0x000001cba26d1214: ;   {internal_word}
  0x000001cba26d1214: 49ba 1112 | 6da2 cb01 | 0000 4d89 | 97a8 0300 | 0049 89a7 | a003 0000 

  0x000001cba26d122c: ;   {external_word}
  0x000001cba26d122c: 49ba c087 | 4cc8 ff7f | 0000 4180 | 3a00 0f84 | 4e00 0000 | 5241 5041 

  0x000001cba26d1244: ;   {metadata({method} {0x000001cbb343a5f0} 'defineClass1' '(Ljava/lang/ClassLoader;Ljava/lang/String;[BIILjava/security/ProtectionDomain;Ljava/lang/String;)Ljava/lang/Class;' in 'java/lang/ClassLoader')}
  0x000001cba26d1244: 5148 bae8 | a543 b3cb | 0100 0049 | 8bcf 4883 | ec20 40f6 | c40f 0f84 | 1900 0000 | 4883 ec08 
  0x000001cba26d1264: ;   {runtime_call}
  0x000001cba26d1264: 48b8 901e | fdc7 ff7f | 0000 ffd0 | 4883 c408 | e90c 0000 

  0x000001cba26d1278: ;   {runtime_call}
  0x000001cba26d1278: 0048 b890 | 1efd c7ff | 7f00 00ff | d048 83c4 | 2041 5941 | 585a 498d | 8fc0 0300 | 0041 c787 
  0x000001cba26d1298: 4c04 0000 | 0400 0000 

  0x000001cba26d12a0: ;   {runtime_call}
  0x000001cba26d12a0: 48b8 ac16 | 8bad f87f | 0000 ffd0 | c5f8 7741 | c787 4c04 | 0000 0500 | 0000 f083 | 4424 c000 
  0x000001cba26d12c0: 493b af50 | 0400 000f | 870e 0000 | 0041 83bf | 4804 0000 | 000f 842b | 0000 00c5 | f877 4889 
  0x000001cba26d12e0: 45f8 498b | cf4c 8be4 | 4883 ec20 | 4883 e4f0 

  0x000001cba26d12f0: ;   {runtime_call}
  0x000001cba26d12f0: 48b8 60cb | c8c7 ff7f | 0000 ffd0 | 498b e44d | 33e4 488b | 45f8 41c7 | 874c 0400 | 0008 0000 
  0x000001cba26d1310: 0041 83bf | c804 0000 | 020f 84a3 

  0x000001cba26d131c: ;   {external_word}
  0x000001cba26d131c: 0200 0049 | bac0 874c | c8ff 7f00 | 0041 803a | 000f 844c | 0000 0048 

  0x000001cba26d1334: ;   {metadata({method} {0x000001cbb343a5f0} 'defineClass1' '(Ljava/lang/ClassLoader;Ljava/lang/String;[BIILjava/security/ProtectionDomain;Ljava/lang/String;)Ljava/lang/Class;' in 'java/lang/ClassLoader')}
  0x000001cba26d1334: 8945 f848 | bae8 a543 | b3cb 0100 | 0049 8bcf | 4883 ec20 | 40f6 c40f | 0f84 1900 | 0000 4883 
  0x000001cba26d1354: ;   {runtime_call}
  0x000001cba26d1354: ec08 48b8 | 901e fdc7 | ff7f 0000 | ffd0 4883 | c408 e90c 

  0x000001cba26d1368: ;   {runtime_call}
  0x000001cba26d1368: 0000 0048 | b890 1efd | c7ff 7f00 | 00ff d048 | 83c4 2048 | 8b45 f849 | c787 a003 | 0000 0000 
  0x000001cba26d1388: 0000 49c7 | 87a8 0300 | 0000 0000 | 00c5 f877 | 4885 c00f | 84fe 0100 | 00a8 030f | 8508 0000 
  0x000001cba26d13a8: 0048 8b00 | e9ee 0100 | 00a8 010f | 8509 0000 | 0048 8b40 | fee9 dd01 | 0000 488b | 40ff 4180 
  0x000001cba26d13c8: 7f40 000f | 84ce 0100 | 0048 83f8 | 000f 84c4 | 0100 0049 | 8b4f 2848 | 83f9 000f | 8414 0000 
  0x000001cba26d13e8: 0048 83e9 | 0849 894f | 2849 034f | 3848 8901 | e9a2 0100 | 0048 81ec | d000 0000 | 4889 0424 
  0x000001cba26d1408: 4889 4c24 | 0848 8954 | 2410 4889 | 7424 1848 | 897c 2420 | 4c89 4424 | 284c 894c | 2430 4c89 
  0x000001cba26d1428: 5424 384c | 895c 2440 | c5fb 1144 | 2450 c5fb | 114c 2458 | c5fb 1154 | 2460 c5fb | 115c 2468 
  0x000001cba26d1448: c5fb 1164 | 2470 c5fb | 116c 2478 | c5fb 11b4 | 2480 0000 | 00c5 fb11 | bc24 8800 | 0000 c57b 
  0x000001cba26d1468: ;   {no_reloc}
  0x000001cba26d1468: 1184 2490 | 0000 00c5 | 7b11 8c24 | 9800 0000 | c57b 1194 | 24a0 0000 | 00c5 7b11 | 9c24 a800 
  0x000001cba26d1488: 0000 c57b | 11a4 24b0 | 0000 00c5 | 7b11 ac24 | b800 0000 | c57b 11b4 | 24c0 0000 | 00c5 7b11 
  0x000001cba26d14a8: bc24 c800 | 0000 498b | d748 8bc8 | 4883 ec20 | 40f6 c40f | 0f84 1900 | 0000 4883 

  0x000001cba26d14c4: ;   {runtime_call}
  0x000001cba26d14c4: ec08 48b8 | d001 bcc7 | ff7f 0000 | ffd0 4883 | c408 e90c 

  0x000001cba26d14d8: ;   {runtime_call}
  0x000001cba26d14d8: 0000 0048 | b8d0 01bc | c7ff 7f00 | 00ff d048 | 83c4 20c5 | 7b10 bc24 | c800 0000 | c57b 10b4 
  0x000001cba26d14f8: 24c0 0000 | 00c5 7b10 | ac24 b800 | 0000 c57b | 10a4 24b0 | 0000 00c5 | 7b10 9c24 | a800 0000 
  0x000001cba26d1518: c57b 1094 | 24a0 0000 | 00c5 7b10 | 8c24 9800 | 0000 c57b | 1084 2490 | 0000 00c5 | fb10 bc24 
  0x000001cba26d1538: 8800 0000 | c5fb 10b4 | 2480 0000 | 00c5 fb10 | 6c24 78c5 | fb10 6424 | 70c5 fb10 | 5c24 68c5 
  0x000001cba26d1558: fb10 5424 | 60c5 fb10 | 4c24 58c5 | fb10 4424 | 504c 8b5c | 2440 4c8b | 5424 384c | 8b4c 2430 
  0x000001cba26d1578: 4c8b 4424 | 2848 8b7c | 2420 488b | 7424 1848 | 8b54 2410 | 488b 4c24 | 0848 8b04 | 2448 81c4 
  0x000001cba26d1598: d000 0000 | c5f8 7749 | 8b8f 3004 | 0000 c781 | 0001 0000 | 0000 0000 | c949 837f | 0800 0f85 
  0x000001cba26d15b8: 0100 0000 

  0x000001cba26d15bc: ;   {runtime_call StubRoutines (initial stubs)}
  0x000001cba26d15bc: c3e9 3ef9 | 9fff c5f8 | 7748 8945 | f84c 8be4 | 4883 ec20 | 4883 e4f0 

  0x000001cba26d15d4: ;   {runtime_call}
  0x000001cba26d15d4: 48b8 4056 | fdc7 ff7f | 0000 ffd0 | 498b e44d | 33e4 488b | 45f8 e930 | fdff fff4 
[/MachCode]


Compiled method (c1)    8572 1483       3       java.lang.ClassLoader::defineClass (43 bytes)
 total in heap  [0x000001cb9ae0d610,0x000001cb9ae0df78] = 2408
 relocation     [0x000001cb9ae0d770,0x000001cb9ae0d810] = 160
 main code      [0x000001cb9ae0d820,0x000001cb9ae0dcd0] = 1200
 stub code      [0x000001cb9ae0dcd0,0x000001cb9ae0dd48] = 120
 metadata       [0x000001cb9ae0dd48,0x000001cb9ae0dd78] = 48
 scopes data    [0x000001cb9ae0dd78,0x000001cb9ae0de68] = 240
 scopes pcs     [0x000001cb9ae0de68,0x000001cb9ae0df48] = 224
 dependencies   [0x000001cb9ae0df48,0x000001cb9ae0df50] = 8
 nul chk table  [0x000001cb9ae0df50,0x000001cb9ae0df78] = 40

[Constant Pool (empty)]

[MachCode]
[Entry Point]
  # {method} {0x000001cbb343a970} 'defineClass' '(Ljava/lang/String;[BIILjava/security/ProtectionDomain;)Ljava/lang/Class;' in 'java/lang/ClassLoader'
  # this:     rdx:rdx   = 'java/lang/ClassLoader'
  # parm0:    r8:r8     = 'java/lang/String'
  # parm1:    r9:r9     = '[B'
  # parm2:    rdi       = int
  # parm3:    rsi       = int
  # parm4:    rcx:rcx   = 'java/security/ProtectionDomain'
  #           [sp+0xc0]  (sp of caller)
  0x000001cb9ae0d820: 448b 5208 | 49bb 0000 | 00b3 cb01 | 0000 4d03 | d34c 3bd0 

  0x000001cb9ae0d834: ;   {runtime_call ic_miss_stub}
  0x000001cb9ae0d834: 0f85 460f | 3107 660f | 1f44 0000 
[Verified Entry Point]
  0x000001cb9ae0d840: 8984 2400 | 80ff ff55 | 4881 ecb0 | 0000 0090 | 4181 7f20 | 0100 0000 

  0x000001cb9ae0d858: ;   {runtime_call StubRoutines (final stubs)}
  0x000001cb9ae0d858: 7405 e801 | 752f 0748 | 8954 2478 

  0x000001cb9ae0d864: ;   {metadata(method data for {method} {0x000001cbb343a970} 'defineClass' '(Ljava/lang/String;[BIILjava/security/ProtectionDomain;)Ljava/lang/Class;' in 'java/lang/ClassLoader')}
  0x000001cb9ae0d864: 48bb 0883 | 23f4 cb01 | 0000 8b83 | cc00 0000 | 83c0 0289 | 83cc 0000 | 0025 fe07 | 0000 85c0 
  0x000001cb9ae0d884: 0f84 6803 | 0000 89b4 | 2494 0000 | 0089 bc24 | 9000 0000 | 4c89 8c24 | 8800 0000 

  0x000001cb9ae0d8a0: ;   {metadata(method data for {method} {0x000001cbb343a970} 'defineClass' '(Ljava/lang/String;[BIILjava/security/ProtectionDomain;)Ljava/lang/Class;' in 'java/lang/ClassLoader')}
  0x000001cb9ae0d8a0: 488b da48 | b808 8323 | f4cb 0100 | 0048 8380 | 1001 0000 | 0149 8bd8 | 4c8b c34c | 8bc9 488b 
  0x000001cb9ae0d8c0: ca48 8bd1 | 4889 9c24 | 8000 0000 

  0x000001cb9ae0d8cc: ;   {optimized virtual_call}
  0x000001cb9ae0d8cc: 6666 90e8 

  0x000001cb9ae0d8d0: ; ImmutableOopMap {[120]=Oop [128]=Oop [136]=Oop }
                      ;*invokevirtual preDefineClass {reexecute=0 rethrow=0 return_oop=0}
                      ; - java.lang.ClassLoader::defineClass@4 (line 1025)
  0x000001cb9ae0d8d0: 4c0a 0000 

  0x000001cb9ae0d8d4: ;   {other}
  0x000001cb9ae0d8d4: 0f1f 8400 | c402 0000 | 4889 8424 | 9800 0000 | 488b 5424 

  0x000001cb9ae0d8e8: ;   {metadata(method data for {method} {0x000001cbb343a970} 'defineClass' '(Ljava/lang/String;[BIILjava/security/ProtectionDomain;)Ljava/lang/Class;' in 'java/lang/ClassLoader')}
  0x000001cb9ae0d8e8: 7849 b808 | 8323 f4cb | 0100 0049 | 8380 4801 

  0x000001cb9ae0d8f8: ;   {metadata(method data for {method} {0x000001cbb343a658} 'defineClassSourceLocation' '(Ljava/security/ProtectionDomain;)Ljava/lang/String;' in 'java/lang/ClassLoader')}
  0x000001cb9ae0d8f8: 0000 0149 | b820 8a23 | f4cb 0100 | 0041 8b90 | cc00 0000 | 83c2 0241 | 8990 cc00 | 0000 81e2 
  0x000001cb9ae0d918: feff 1f00 | 85d2 0f84 | ef02 0000 

  0x000001cb9ae0d924: ; implicit exception: dispatches to 0x000001cb9ae0dc34
  0x000001cb9ae0d924: 483b 004c 

  0x000001cb9ae0d928: ;   {metadata(method data for {method} {0x000001cbb343a658} 'defineClassSourceLocation' '(Ljava/security/ProtectionDomain;)Ljava/lang/String;' in 'java/lang/ClassLoader')}
  0x000001cb9ae0d928: 8bc0 48ba | 208a 23f4 | cb01 0000 | 4883 8210 | 0100 0001 | 448b 4010 | 49c1 e003 

  0x000001cb9ae0d944: ;   {metadata(method data for {method} {0x000001cbb343a658} 'defineClassSourceLocation' '(Ljava/security/ProtectionDomain;)Ljava/lang/String;' in 'java/lang/ClassLoader')}
  0x000001cb9ae0d944: 4d85 c048 | ba20 8a23 | f4cb 0100 | 0048 be58 | 0100 0000 | 0000 0075 | 0a48 be48 | 0100 0000 
  0x000001cb9ae0d964: 0000 0048 | 8b3c 3248 | 8d7f 0148 | 893c 320f | 850f 0000 

  0x000001cb9ae0d978: ;   {oop(nullptr)}
  0x000001cb9ae0d978: 0048 bb00 | 0000 0000 | 0000 00e9 | af01 0000 

  0x000001cb9ae0d988: ; implicit exception: dispatches to 0x000001cb9ae0dc39
  0x000001cb9ae0d988: 493b 0049 

  0x000001cb9ae0d98c: ;   {metadata(method data for {method} {0x000001cbb343a658} 'defineClassSourceLocation' '(Ljava/security/ProtectionDomain;)Ljava/lang/String;' in 'java/lang/ClassLoader')}
  0x000001cb9ae0d98c: 8bd0 48be | 208a 23f4 | cb01 0000 | 4883 8668 | 0100 0001 | 418b 500c | 48c1 e203 

  0x000001cb9ae0d9a8: ;   {metadata(method data for {method} {0x000001cbb343a658} 'defineClassSourceLocation' '(Ljava/security/ProtectionDomain;)Ljava/lang/String;' in 'java/lang/ClassLoader')}
  0x000001cb9ae0d9a8: 4885 d248 | be20 8a23 | f4cb 0100 | 0048 bfb0 | 0100 0000 | 0000 0075 | 0a48 bfa0 | 0100 0000 
  0x000001cb9ae0d9c8: 0000 0048 | 8b1c 3e48 | 8d5b 0148 | 891c 3e0f | 850f 0000 

  0x000001cb9ae0d9dc: ;   {oop(nullptr)}
  0x000001cb9ae0d9dc: 0048 bb00 | 0000 0000 | 0000 00e9 | 4b01 0000 

  0x000001cb9ae0d9ec: ;   {metadata(method data for {method} {0x000001cbb343a658} 'defineClassSourceLocation' '(Ljava/security/ProtectionDomain;)Ljava/lang/String;' in 'java/lang/ClassLoader')}
  0x000001cb9ae0d9ec: 48be 208a | 23f4 cb01 | 0000 4883 | 86c0 0100 | 0001 483b | 024c 8bc2 

  0x000001cb9ae0da04: ;   {metadata(method data for {method} {0x000001cbb343a658} 'defineClassSourceLocation' '(Ljava/security/ProtectionDomain;)Ljava/lang/String;' in 'java/lang/ClassLoader')}
  0x000001cb9ae0da04: 48be 208a | 23f4 cb01 | 0000 4883 | 86f8 0100 

  0x000001cb9ae0da14: ;   {metadata(method data for {method} {0x000001cbb301a5d8} 'toString' '()Ljava/lang/String;' in 'java/net/URL')}
  0x000001cb9ae0da14: 0001 49b8 | 9058 11f4 | cb01 0000 | 418b b0cc | 0000 0083 | c602 4189 | b0cc 0000 | 0081 e6fe 
  0x000001cb9ae0da34: ff1f 0085 | f60f 8404 | 0200 004c 

  0x000001cb9ae0da40: ;   {metadata(method data for {method} {0x000001cbb301a5d8} 'toString' '()Ljava/lang/String;' in 'java/net/URL')}
  0x000001cb9ae0da40: 8bc2 48be | 9058 11f4 | cb01 0000 | 4883 8610 | 0100 0001 

  0x000001cb9ae0da54: ;   {metadata(method data for {method} {0x000001cbb342e270} 'toExternalForm' '()Ljava/lang/String;' in 'java/net/URL')}
  0x000001cb9ae0da54: 49b8 185a | 11f4 cb01 | 0000 418b | b0cc 0000 | 0083 c602 | 4189 b0cc | 0000 0081 | e6fe ff1f 
  0x000001cb9ae0da74: 0085 f60f | 84e7 0100 | 008b 7238 | 48c1 e603 

  0x000001cb9ae0da84: ; implicit exception: dispatches to 0x000001cb9ae0dc85
  0x000001cb9ae0da84: 483b 064c 

  0x000001cb9ae0da88: ;   {metadata(method data for {method} {0x000001cbb342e270} 'toExternalForm' '()Ljava/lang/String;' in 'java/net/URL')}
  0x000001cb9ae0da88: 8bc6 48bf | 185a 11f4 | cb01 0000 | 458b 4008 | 49ba 0000 | 00b3 cb01 | 0000 4d03 | c24c 3b87 
  0x000001cb9ae0daa8: 2001 0000 | 750d 4883 | 8728 0100 | 0001 e960 | 0000 004c | 3b87 3001 | 0000 750d | 4883 8738 
  0x000001cb9ae0dac8: 0100 0001 | e94a 0000 | 0048 83bf | 2001 0000 | 0075 174c | 8987 2001 | 0000 48c7 | 8728 0100 
  0x000001cb9ae0dae8: 0001 0000 | 00e9 2900 | 0000 4883 | bf30 0100 | 0000 7517 | 4c89 8730 | 0100 0048 | c787 3801 
  0x000001cb9ae0db08: 0000 0100 | 0000 e908 | 0000 0048 | 8387 1001 | 0000 014c | 8bc2 488b | d666 0f1f 

  0x000001cb9ae0db24: ;   {optimized virtual_call}
  0x000001cb9ae0db24: 4400 00e8 

  0x000001cb9ae0db28: ; ImmutableOopMap {[120]=Oop [128]=Oop [136]=Oop [152]=Oop }
                      ;*invokevirtual toExternalForm {reexecute=0 rethrow=0 return_oop=0}
                      ; - java.net.URL::toExternalForm@5 (line 1203)
                      ; - java.net.URL::toString@1 (line 1189)
                      ; - java.lang.ClassLoader::defineClassSourceLocation@22 (line 927)
                      ; - java.lang.ClassLoader::defineClass@12 (line 1026)
  0x000001cb9ae0db28: 7421 f4ff 

  0x000001cb9ae0db2c: ;   {other}
  0x000001cb9ae0db2c: 0f1f 8400 | 1c05 0001 | 488b d848 | 8b84 2498 | 0000 008b | b424 9400 | 0000 8bbc | 2490 0000 
  0x000001cb9ae0db4c: 004c 8b8c | 2488 0000 | 004c 8b84 | 2480 0000 | 0048 8b54 

  0x000001cb9ae0db60: ;   {metadata(method data for {method} {0x000001cbb343a970} 'defineClass' '(Ljava/lang/String;[BIILjava/security/ProtectionDomain;)Ljava/lang/Class;' in 'java/lang/ClassLoader')}
  0x000001cb9ae0db60: 2478 48b9 | 0883 23f4 | cb01 0000 | 4883 8180 | 0100 0001 | 4c8b da49 | 8bd3 488b | c848 891c 
  0x000001cb9ae0db80: 2466 0f1f 

  0x000001cb9ae0db84: ;   {static_call}
  0x000001cb9ae0db84: 4400 00e8 

  0x000001cb9ae0db88: ; ImmutableOopMap {[120]=Oop [152]=Oop }
                      ;*invokestatic defineClass1 {reexecute=0 rethrow=0 return_oop=0}
                      ; - java.lang.ClassLoader::defineClass@27 (line 1027)
  0x000001cb9ae0db88: d435 8c07 

  0x000001cb9ae0db8c: ;   {other}
  0x000001cb9ae0db8c: 0f1f 8400 | 7c05 0002 | 488b 5424 

  0x000001cb9ae0db98: ;   {metadata(method data for {method} {0x000001cbb343a970} 'defineClass' '(Ljava/lang/String;[BIILjava/security/ProtectionDomain;)Ljava/lang/Class;' in 'java/lang/ClassLoader')}
  0x000001cb9ae0db98: 7849 b808 | 8323 f4cb | 0100 0049 | 8380 9001 | 0000 014c | 8bc0 4c8b | 8c24 9800 | 0000 488b 
  0x000001cb9ae0dbb8: 5424 7848 | 8984 24a0 | 0000 000f 

  0x000001cb9ae0dbc4: ;   {optimized virtual_call}
  0x000001cb9ae0dbc4: 1f40 00e8 

  0x000001cb9ae0dbc8: ; ImmutableOopMap {[160]=Oop }
                      ;*invokevirtual postDefineClass {reexecute=0 rethrow=0 return_oop=0}
                      ; - java.lang.ClassLoader::defineClass@37 (line 1028)
  0x000001cb9ae0dbc8: 542b 0000 

  0x000001cb9ae0dbcc: ;   {other}
  0x000001cb9ae0dbcc: 0f1f 8400 | bc05 0003 | 488b 8424 | a000 0000 | 4881 c4b0 | 0000 005d 

  0x000001cb9ae0dbe4: ;   {poll_return}
  0x000001cb9ae0dbe4: 493b a750 | 0400 000f | 8799 0000 

  0x000001cb9ae0dbf0: ;   {metadata({method} {0x000001cbb343a970} 'defineClass' '(Ljava/lang/String;[BIILjava/security/ProtectionDomain;)Ljava/lang/Class;' in 'java/lang/ClassLoader')}
  0x000001cb9ae0dbf0: 00c3 49ba | 68a9 43b3 | cb01 0000 | 4c89 5424 | 0848 c704 | 24ff ffff 

  0x000001cb9ae0dc08: ;   {runtime_call counter_overflow Runtime1 stub}
  0x000001cb9ae0dc08: ffe8 72b3 

  0x000001cb9ae0dc0c: ; ImmutableOopMap {rdx=Oop r8=Oop r9=Oop rcx=Oop [120]=Oop }
                      ;*synchronization entry
                      ; - java.lang.ClassLoader::defineClass@-1 (line 1025)
  0x000001cb9ae0dc0c: 3d07 e977 

  0x000001cb9ae0dc10: ;   {metadata({method} {0x000001cbb343a658} 'defineClassSourceLocation' '(Ljava/security/ProtectionDomain;)Ljava/lang/String;' in 'java/lang/ClassLoader')}
  0x000001cb9ae0dc10: fcff ff49 | ba50 a643 | b3cb 0100 | 004c 8954 | 2408 48c7 | 0424 ffff 

  0x000001cb9ae0dc28: ;   {runtime_call counter_overflow Runtime1 stub}
  0x000001cb9ae0dc28: ffff e851 

  0x000001cb9ae0dc2c: ; ImmutableOopMap {rax=Oop [120]=Oop [128]=Oop [136]=Oop [152]=Oop }
                      ;*synchronization entry
                      ; - java.lang.ClassLoader::defineClassSourceLocation@-1 (line 924)
                      ; - java.lang.ClassLoader::defineClass@12 (line 1026)
  0x000001cb9ae0dc2c: b33d 07e9 | f0fc ffff 

  0x000001cb9ae0dc34: ;   {runtime_call throw_null_pointer_exception Runtime1 stub}
  0x000001cb9ae0dc34: e8c7 383d 

  0x000001cb9ae0dc38: ; ImmutableOopMap {rax=Oop [120]=Oop [128]=Oop [136]=Oop [152]=Oop }
                      ;*invokevirtual getCodeSource {reexecute=0 rethrow=0 return_oop=0}
                      ; - java.lang.ClassLoader::defineClassSourceLocation@1 (line 924)
                      ; - java.lang.ClassLoader::defineClass@12 (line 1026)
                      ;   {runtime_call throw_null_pointer_exception Runtime1 stub}
  0x000001cb9ae0dc38: 07e8 c238 

  0x000001cb9ae0dc3c: ; ImmutableOopMap {rax=Oop r8=Oop [120]=Oop [128]=Oop [136]=Oop [152]=Oop }
                      ;*invokevirtual getLocation {reexecute=0 rethrow=0 return_oop=0}
                      ; - java.lang.ClassLoader::defineClassSourceLocation@12 (line 926)
                      ; - java.lang.ClassLoader::defineClass@12 (line 1026)
                      ;   {runtime_call throw_null_pointer_exception Runtime1 stub}
  0x000001cb9ae0dc3c: 3d07 e8bd 

  0x000001cb9ae0dc40: ; ImmutableOopMap {rdx=Oop [120]=Oop [128]=Oop [136]=Oop [152]=Oop }
                      ;*invokevirtual toString {reexecute=0 rethrow=0 return_oop=0}
                      ; - java.lang.ClassLoader::defineClassSourceLocation@22 (line 927)
                      ; - java.lang.ClassLoader::defineClass@12 (line 1026)
                      ;   {metadata({method} {0x000001cbb301a5d8} 'toString' '()Ljava/lang/String;' in 'java/net/URL')}
  0x000001cb9ae0dc40: 383d 0749 | bad0 a501 | b3cb 0100 | 004c 8954 | 2408 48c7 | 0424 ffff 

  0x000001cb9ae0dc58: ;   {runtime_call counter_overflow Runtime1 stub}
  0x000001cb9ae0dc58: ffff e821 

  0x000001cb9ae0dc5c: ; ImmutableOopMap {rdx=Oop [120]=Oop [128]=Oop [136]=Oop [152]=Oop }
                      ;*synchronization entry
                      ; - java.net.URL::toString@-1 (line 1189)
                      ; - java.lang.ClassLoader::defineClassSourceLocation@22 (line 927)
                      ; - java.lang.ClassLoader::defineClass@12 (line 1026)
  0x000001cb9ae0dc5c: b33d 07e9 | dbfd ffff 

  0x000001cb9ae0dc64: ;   {metadata({method} {0x000001cbb342e270} 'toExternalForm' '()Ljava/lang/String;' in 'java/net/URL')}
  0x000001cb9ae0dc64: 49ba 68e2 | 42b3 cb01 | 0000 4c89 | 5424 0848 | c704 24ff 

  0x000001cb9ae0dc78: ;   {runtime_call counter_overflow Runtime1 stub}
  0x000001cb9ae0dc78: ffff ffe8 

  0x000001cb9ae0dc7c: ; ImmutableOopMap {rdx=Oop [120]=Oop [128]=Oop [136]=Oop [152]=Oop }
                      ;*synchronization entry
                      ; - java.net.URL::toExternalForm@-1 (line 1203)
                      ; - java.net.URL::toString@1 (line 1189)
                      ; - java.lang.ClassLoader::defineClassSourceLocation@22 (line 927)
                      ; - java.lang.ClassLoader::defineClass@12 (line 1026)
  0x000001cb9ae0dc7c: 00b3 3d07 | e9f8 fdff 

  0x000001cb9ae0dc84: ;   {runtime_call throw_null_pointer_exception Runtime1 stub}
  0x000001cb9ae0dc84: ffe8 7638 

  0x000001cb9ae0dc88: ; ImmutableOopMap {rdx=Oop rsi=Oop [120]=Oop [128]=Oop [136]=Oop [152]=Oop }
                      ;*invokevirtual toExternalForm {reexecute=0 rethrow=0 return_oop=0}
                      ; - java.net.URL::toExternalForm@5 (line 1203)
                      ; - java.net.URL::toString@1 (line 1189)
                      ; - java.lang.ClassLoader::defineClassSourceLocation@22 (line 927)
                      ; - java.lang.ClassLoader::defineClass@12 (line 1026)
                      ;   {internal_word}
  0x000001cb9ae0dc88: 3d07 49ba | e4db e09a | cb01 0000 | 4d89 9768 

  0x000001cb9ae0dc98: ;   {runtime_call SafepointBlob}
  0x000001cb9ae0dc98: 0400 00e9 | 607a 3107 | 498b 8700 | 0500 0049 | c787 0005 | 0000 0000 | 0000 49c7 | 8708 0500 
  0x000001cb9ae0dcb8: 0000 0000 | 0048 81c4 | b000 0000 

  0x000001cb9ae0dcc4: ;   {runtime_call unwind_exception Runtime1 stub}
  0x000001cb9ae0dcc4: 5de9 3629 | 3d07 f4f4 | f4f4 f4f4 
[Stub Code]
  0x000001cb9ae0dcd0: ;   {no_reloc}
  0x000001cb9ae0dcd0: 0f1f 4400 

  0x000001cb9ae0dcd4: ;   {static_stub}
  0x000001cb9ae0dcd4: 0048 bb00 | 0000 0000 

  0x000001cb9ae0dcdc: ;   {runtime_call}
  0x000001cb9ae0dcdc: 0000 00e9 | fbff ffff 

  0x000001cb9ae0dce4: ;   {static_stub}
  0x000001cb9ae0dce4: 48bb a8a6 | 43b3 cb01 

  0x000001cb9ae0dcec: ;   {runtime_call I2C/C2I adapters}
  0x000001cb9ae0dcec: 0000 e978 

  0x000001cb9ae0dcf0: ;   {static_stub}
  0x000001cb9ae0dcf0: d030 0748 | bb00 0000 | 0000 0000 

  0x000001cb9ae0dcfc: ;   {runtime_call}
  0x000001cb9ae0dcfc: 00e9 fbff 

  0x000001cb9ae0dd00: ;   {static_stub}
  0x000001cb9ae0dd00: ffff 48bb | 90a5 43b3 | cb01 0000 

  0x000001cb9ae0dd0c: ;   {runtime_call I2C/C2I adapters}
  0x000001cb9ae0dd0c: e95a d030 

  0x000001cb9ae0dd10: ;   {runtime_call handle_exception_from_callee Runtime1 stub}
  0x000001cb9ae0dd10: 07e8 6a6c 

  0x000001cb9ae0dd14: ;   {external_word}
  0x000001cb9ae0dd14: 3d07 48b9 | b078 24c8 | ff7f 0000 | 4883 e4f0 

  0x000001cb9ae0dd24: ;   {runtime_call}
  0x000001cb9ae0dd24: 48b8 9041 | ecc7 ff7f | 0000 ffd0 

  0x000001cb9ae0dd30: ;   {section_word}
  0x000001cb9ae0dd30: f449 ba31 | dde0 9acb | 0100 0041 

  0x000001cb9ae0dd3c: ;   {runtime_call DeoptimizationBlob}
  0x000001cb9ae0dd3c: 52e9 5e6c | 3107 f4f4 | f4f4 f4f4 
[/MachCode]


Compiled method (c1)    8588 1573       3       java.security.SecureClassLoader::defineClass (16 bytes)
 total in heap  [0x000001cb9ae38e90,0x000001cb9ae39290] = 1024
 relocation     [0x000001cb9ae38ff0,0x000001cb9ae39040] = 80
 main code      [0x000001cb9ae39040,0x000001cb9ae39198] = 344
 stub code      [0x000001cb9ae39198,0x000001cb9ae391e8] = 80
 metadata       [0x000001cb9ae391e8,0x000001cb9ae391f0] = 8
 scopes data    [0x000001cb9ae391f0,0x000001cb9ae39238] = 72
 scopes pcs     [0x000001cb9ae39238,0x000001cb9ae39288] = 80
 dependencies   [0x000001cb9ae39288,0x000001cb9ae39290] = 8

[Constant Pool (empty)]

[MachCode]
[Entry Point]
  # {method} {0x000001cbb304d188} 'defineClass' '(Ljava/lang/String;[BIILjava/security/CodeSource;)Ljava/lang/Class;' in 'java/security/SecureClassLoader'
  # this:     rdx:rdx   = 'java/security/SecureClassLoader'
  # parm0:    r8:r8     = 'java/lang/String'
  # parm1:    r9:r9     = '[B'
  # parm2:    rdi       = int
  # parm3:    rsi       = int
  # parm4:    rcx:rcx   = 'java/security/CodeSource'
  #           [sp+0x80]  (sp of caller)
  0x000001cb9ae39040: 448b 5208 | 49bb 0000 | 00b3 cb01 | 0000 4d03 | d34c 3bd0 

  0x000001cb9ae39054: ;   {runtime_call ic_miss_stub}
  0x000001cb9ae39054: 0f85 2657 | 2e07 660f | 1f44 0000 
[Verified Entry Point]
  0x000001cb9ae39060: 8984 2400 | 80ff ff55 | 4883 ec70 | 4181 7f20 | 0100 0000 

  0x000001cb9ae39074: ;   {runtime_call StubRoutines (final stubs)}
  0x000001cb9ae39074: 7405 e8e5 

  0x000001cb9ae39078: ;   {metadata(method data for {method} {0x000001cbb304d188} 'defineClass' '(Ljava/lang/String;[BIILjava/security/CodeSource;)Ljava/lang/Class;' in 'java/security/SecureClassLoader')}
  0x000001cb9ae39078: bc2c 0748 | bb18 7c1e | f4cb 0100 | 008b 83cc | 0000 0083 | c002 8983 | cc00 0000 | 25fe 0700 
  0x000001cb9ae39098: 0085 c00f | 8496 0000 | 0089 7424 | 5c89 7c24 | 584c 894c | 2450 4c89 | 4424 4848 

  0x000001cb9ae390b4: ;   {metadata(method data for {method} {0x000001cbb304d188} 'defineClass' '(Ljava/lang/String;[BIILjava/security/CodeSource;)Ljava/lang/Class;' in 'java/security/SecureClassLoader')}
  0x000001cb9ae390b4: 8bda 48b8 | 187c 1ef4 | cb01 0000 | 4883 8010 | 0100 0001 | 4c8b c148 | 8bc2 488b | d048 8944 
  0x000001cb9ae390d4: ;   {optimized virtual_call}
  0x000001cb9ae390d4: 2440 90e8 

  0x000001cb9ae390d8: ; ImmutableOopMap {[64]=Oop [72]=Oop [80]=Oop }
                      ;*invokevirtual getProtectionDomain {reexecute=0 rethrow=0 return_oop=0}
                      ; - java.security.SecureClassLoader::defineClass@9 (line 150)
  0x000001cb9ae390d8: c42e fdff 

  0x000001cb9ae390dc: ;   {other}
  0x000001cb9ae390dc: 0f1f 8400 | 4c02 0000 | 488b 5424 

  0x000001cb9ae390e8: ;   {metadata(method data for {method} {0x000001cbb304d188} 'defineClass' '(Ljava/lang/String;[BIILjava/security/CodeSource;)Ljava/lang/Class;' in 'java/security/SecureClassLoader')}
  0x000001cb9ae390e8: 4049 b818 | 7c1e f4cb | 0100 0049 | 8380 4801 | 0000 014c | 8b44 2448 | 4c8b 4c24 | 508b 7c24 
  0x000001cb9ae39108: 588b 7424 | 5c48 8bc8 | 488b 5424 

  0x000001cb9ae39114: ;   {optimized virtual_call}
  0x000001cb9ae39114: 4066 90e8 

  0x000001cb9ae39118: ; ImmutableOopMap {}
                      ;*invokevirtual defineClass {reexecute=0 rethrow=0 return_oop=0}
                      ; - java.security.SecureClassLoader::defineClass@12 (line 150)
  0x000001cb9ae39118: 2447 fdff 

  0x000001cb9ae3911c: ;   {other}
  0x000001cb9ae3911c: 0f1f 8400 | 8c02 0001 | 4883 c470 

  0x000001cb9ae39128: ;   {poll_return}
  0x000001cb9ae39128: 5d49 3ba7 | 5004 0000 | 0f87 2200 

  0x000001cb9ae39134: ;   {metadata({method} {0x000001cbb304d188} 'defineClass' '(Ljava/lang/String;[BIILjava/security/CodeSource;)Ljava/lang/Class;' in 'java/security/SecureClassLoader')}
  0x000001cb9ae39134: 0000 c349 | ba80 d104 | b3cb 0100 | 004c 8954 | 2408 48c7 | 0424 ffff 

  0x000001cb9ae3914c: ;   {runtime_call counter_overflow Runtime1 stub}
  0x000001cb9ae3914c: ffff e82d 

  0x000001cb9ae39150: ; ImmutableOopMap {rdx=Oop r8=Oop r9=Oop rcx=Oop }
                      ;*synchronization entry
                      ; - java.security.SecureClassLoader::defineClass@-1 (line 150)
  0x000001cb9ae39150: fe3a 07e9 | 49ff ffff 

  0x000001cb9ae39158: ;   {internal_word}
  0x000001cb9ae39158: 49ba 2991 | e39a cb01 | 0000 4d89 | 9768 0400 

  0x000001cb9ae39168: ;   {runtime_call SafepointBlob}
  0x000001cb9ae39168: 00e9 92c5 | 2e07 498b | 8700 0500 | 0049 c787 | 0005 0000 | 0000 0000 | 49c7 8708 | 0500 0000 
  0x000001cb9ae39188: 0000 0048 | 83c4 705d 

  0x000001cb9ae39190: ;   {runtime_call unwind_exception Runtime1 stub}
  0x000001cb9ae39190: e96b 743a | 07f4 f4f4 
[Stub Code]
  0x000001cb9ae39198: ;   {no_reloc}
  0x000001cb9ae39198: 48bb 0000 | 0000 0000 

  0x000001cb9ae391a0: ;   {runtime_call}
  0x000001cb9ae391a0: 0000 e9fb 

  0x000001cb9ae391a4: ;   {static_stub}
  0x000001cb9ae391a4: ffff ff48 | bb00 0000 | 0000 0000 

  0x000001cb9ae391b0: ;   {runtime_call}
  0x000001cb9ae391b0: 00e9 fbff 

  0x000001cb9ae391b4: ;   {runtime_call handle_exception_from_callee Runtime1 stub}
  0x000001cb9ae391b4: ffff e8c5 

  0x000001cb9ae391b8: ;   {external_word}
  0x000001cb9ae391b8: b73a 0748 | b9b0 7824 | c8ff 7f00 | 0048 83e4 

  0x000001cb9ae391c8: ;   {runtime_call}
  0x000001cb9ae391c8: f048 b890 | 41ec c7ff | 7f00 00ff 

  0x000001cb9ae391d4: ;   {section_word}
  0x000001cb9ae391d4: d0f4 49ba | d691 e39a | cb01 0000 

  0x000001cb9ae391e0: ;   {runtime_call DeoptimizationBlob}
  0x000001cb9ae391e0: 4152 e9b9 | b72e 07f4 
[/MachCode]


---------------  P R O C E S S  ---------------

Threads class SMR info:
_java_thread_list=0x000001cbf9804f80, length=12, elements={
0x000001cb90c1e100, 0x000001cbb1c0b080, 0x000001cbb24a4090, 0x000001cbb24a4cf0,
0x000001cbb1c0dcf0, 0x000001cbb24aa780, 0x000001cbb24ad300, 0x000001cbb24b6320,
0x000001cbb24d8850, 0x000001cbb2664a80, 0x000001cbb266e130, 0x000001cbb26b7650
}

Java Threads: ( => current thread )
=>0x000001cb90c1e100 JavaThread "main"                              [_thread_in_vm, id=7480, stack(0x00000047b4600000,0x00000047b4700000) (1024K)]
  0x000001cbb1c0b080 JavaThread "Reference Handler"          daemon [_thread_blocked, id=25280, stack(0x00000047b4e00000,0x00000047b4f00000) (1024K)]
  0x000001cbb24a4090 JavaThread "Finalizer"                  daemon [_thread_blocked, id=27992, stack(0x00000047b4f00000,0x00000047b5000000) (1024K)]
  0x000001cbb24a4cf0 JavaThread "Signal Dispatcher"          daemon [_thread_blocked, id=23216, stack(0x00000047b5000000,0x00000047b5100000) (1024K)]
  0x000001cbb1c0dcf0 JavaThread "Attach Listener"            daemon [_thread_blocked, id=29484, stack(0x00000047b5100000,0x00000047b5200000) (1024K)]
  0x000001cbb24aa780 JavaThread "Service Thread"             daemon [_thread_blocked, id=32484, stack(0x00000047b5200000,0x00000047b5300000) (1024K)]
  0x000001cbb24ad300 JavaThread "Monitor Deflation Thread"   daemon [_thread_blocked, id=34684, stack(0x00000047b5300000,0x00000047b5400000) (1024K)]
  0x000001cbb24b6320 JavaThread "C2 CompilerThread0"         daemon [_thread_in_native, id=30248, stack(0x00000047b5400000,0x00000047b5500000) (1024K)]
  0x000001cbb24d8850 JavaThread "C1 CompilerThread0"         daemon [_thread_blocked, id=23692, stack(0x00000047b5500000,0x00000047b5600000) (1024K)]
  0x000001cbb2664a80 JavaThread "Notification Thread"        daemon [_thread_blocked, id=31204, stack(0x00000047b5600000,0x00000047b5700000) (1024K)]
  0x000001cbb266e130 JavaThread "Common-Cleaner"             daemon [_thread_blocked, id=9792, stack(0x00000047b5700000,0x00000047b5800000) (1024K)]
  0x000001cbb26b7650 JavaThread "Cleaner-0"                  daemon [_thread_blocked, id=27692, stack(0x00000047b5800000,0x00000047b5900000) (1024K)]
Total: 12

Other Threads:
  0x000001cbb1bf0410 VMThread "VM Thread"                           [id=32048, stack(0x00000047b4d00000,0x00000047b4e00000) (1024K)] _threads_hazard_ptr=0x000001cbf9804f80
  0x000001cbb1bddc60 WatcherThread "VM Periodic Task Thread"        [id=34244, stack(0x00000047b4c00000,0x00000047b4d00000) (1024K)]
  0x000001cb9270d4d0 WorkerThread "GC Thread#0"                     [id=19320, stack(0x00000047b4700000,0x00000047b4800000) (1024K)]
  0x000001cbf867b130 WorkerThread "GC Thread#1"                     [id=28104, stack(0x00000047b5b00000,0x00000047b5c00000) (1024K)]
  0x000001cbf8e69500 WorkerThread "GC Thread#2"                     [id=33192, stack(0x00000047b5c00000,0x00000047b5d00000) (1024K)]
  0x000001cbf8e698b0 WorkerThread "GC Thread#3"                     [id=23856, stack(0x00000047b5d00000,0x00000047b5e00000) (1024K)]
  0x000001cbf8667820 WorkerThread "GC Thread#4"                     [id=34332, stack(0x00000047b5e00000,0x00000047b5f00000) (1024K)]
  0x000001cbf8667bd0 WorkerThread "GC Thread#5"                     [id=19624, stack(0x00000047b5f00000,0x00000047b6000000) (1024K)]
  0x000001cbf8948490 WorkerThread "GC Thread#6"                     [id=34416, stack(0x00000047b6000000,0x00000047b6100000) (1024K)]
  0x000001cb9275d010 ConcurrentGCThread "G1 Main Marker"            [id=31576, stack(0x00000047b4800000,0x00000047b4900000) (1024K)]
  0x000001cb9275f5e0 WorkerThread "G1 Conc#0"                       [id=816, stack(0x00000047b4900000,0x00000047b4a00000) (1024K)]
  0x000001cbb1aa9920 ConcurrentGCThread "G1 Refine#0"               [id=32308, stack(0x00000047b4a00000,0x00000047b4b00000) (1024K)]
  0x000001cbb1aaa340 ConcurrentGCThread "G1 Service"                [id=34716, stack(0x00000047b4b00000,0x00000047b4c00000) (1024K)]
Total: 13

Threads with active compile tasks:
C2 CompilerThread0     8594 2139   !   4       java.net.URL::<init> (543 bytes)
Total: 1

VM state: synchronizing (normal execution)

VM Mutex/Monitor currently owned by a thread:  ([mutex/lock_event])
[0x00007fffc84dedf0] Metaspace_lock - owner thread: 0x000001cb90c1e100
[0x00007fffc84e0df0] Threads_lock - owner thread: 0x000001cbb1bf0410

Heap address: 0x0000000704400000, size: 4028 MB, Compressed Oops mode: Zero based, Oop shift amount: 3

CDS archive(s) mapped at: [0x000001cbb3000000-0x000001cbb3c90000-0x000001cbb3c90000), size 13172736, SharedBaseAddress: 0x000001cbb3000000, ArchiveRelocationMode: 1.
Compressed class space mapped at: 0x000001cbb4000000-0x000001cbf4000000, reserved size: 1073741824
Narrow klass base: 0x000001cbb3000000, Narrow klass shift: 0, Narrow klass range: 0x100000000

GC Precious Log:
 CardTable entry size: 512
 Card Set container configuration: InlinePtr #cards 4 size 8 Array Of Cards #cards 16 size 48 Howl #buckets 8 coarsen threshold 3686 Howl Bitmap #cards 512 size 80 coarsen threshold 460 Card regions per heap region 1 cards per card region 4096
 CPUs: 12 total, 12 available
 Memory: 16107M
 Large Page Support: Disabled
 NUMA Support: Disabled
 Compressed Oops: Enabled (Zero based)
 Heap Region Size: 2M
 Heap Min Capacity: 8M
 Heap Initial Capacity: 252M
 Heap Max Capacity: 4028M
 Pre-touch: Disabled
 Parallel Workers: 10
 Concurrent Workers: 3
 Concurrent Refinement Workers: 10
 Periodic GC: Disabled

Heap:
 garbage-first heap   total 258048K, used 18432K [0x0000000704400000, 0x0000000800000000)
  region size 2048K, 10 young (20480K), 2 survivors (4096K)
 Metaspace       used 10009K, committed 10304K, reserved 1114112K
  class space    used 1246K, committed 1408K, reserved 1048576K

Heap Regions: E=young(eden), S=young(survivor), O=old, HS=humongous(starts), HC=humongous(continues), CS=collection set, F=free, TAMS=top-at-mark-start, PB=parsable bottom
|   0|0x0000000704400000, 0x0000000704400000, 0x0000000704600000|  0%| F|  |TAMS 0x0000000704400000| PB 0x0000000704400000| Untracked 
|   1|0x0000000704600000, 0x0000000704600000, 0x0000000704800000|  0%| F|  |TAMS 0x0000000704600000| PB 0x0000000704600000| Untracked 
|   2|0x0000000704800000, 0x0000000704800000, 0x0000000704a00000|  0%| F|  |TAMS 0x0000000704800000| PB 0x0000000704800000| Untracked 
|   3|0x0000000704a00000, 0x0000000704a00000, 0x0000000704c00000|  0%| F|  |TAMS 0x0000000704a00000| PB 0x0000000704a00000| Untracked 
|   4|0x0000000704c00000, 0x0000000704c00000, 0x0000000704e00000|  0%| F|  |TAMS 0x0000000704c00000| PB 0x0000000704c00000| Untracked 
|   5|0x0000000704e00000, 0x0000000704e00000, 0x0000000705000000|  0%| F|  |TAMS 0x0000000704e00000| PB 0x0000000704e00000| Untracked 
|   6|0x0000000705000000, 0x0000000705000000, 0x0000000705200000|  0%| F|  |TAMS 0x0000000705000000| PB 0x0000000705000000| Untracked 
|   7|0x0000000705200000, 0x0000000705200000, 0x0000000705400000|  0%| F|  |TAMS 0x0000000705200000| PB 0x0000000705200000| Untracked 
|   8|0x0000000705400000, 0x0000000705400000, 0x0000000705600000|  0%| F|  |TAMS 0x0000000705400000| PB 0x0000000705400000| Untracked 
|   9|0x0000000705600000, 0x0000000705600000, 0x0000000705800000|  0%| F|  |TAMS 0x0000000705600000| PB 0x0000000705600000| Untracked 
|  10|0x0000000705800000, 0x0000000705800000, 0x0000000705a00000|  0%| F|  |TAMS 0x0000000705800000| PB 0x0000000705800000| Untracked 
|  11|0x0000000705a00000, 0x0000000705a00000, 0x0000000705c00000|  0%| F|  |TAMS 0x0000000705a00000| PB 0x0000000705a00000| Untracked 
|  12|0x0000000705c00000, 0x0000000705c00000, 0x0000000705e00000|  0%| F|  |TAMS 0x0000000705c00000| PB 0x0000000705c00000| Untracked 
|  13|0x0000000705e00000, 0x0000000705e00000, 0x0000000706000000|  0%| F|  |TAMS 0x0000000705e00000| PB 0x0000000705e00000| Untracked 
|  14|0x0000000706000000, 0x0000000706000000, 0x0000000706200000|  0%| F|  |TAMS 0x0000000706000000| PB 0x0000000706000000| Untracked 
|  15|0x0000000706200000, 0x0000000706200000, 0x0000000706400000|  0%| F|  |TAMS 0x0000000706200000| PB 0x0000000706200000| Untracked 
|  16|0x0000000706400000, 0x0000000706400000, 0x0000000706600000|  0%| F|  |TAMS 0x0000000706400000| PB 0x0000000706400000| Untracked 
|  17|0x0000000706600000, 0x0000000706600000, 0x0000000706800000|  0%| F|  |TAMS 0x0000000706600000| PB 0x0000000706600000| Untracked 
|  18|0x0000000706800000, 0x0000000706800000, 0x0000000706a00000|  0%| F|  |TAMS 0x0000000706800000| PB 0x0000000706800000| Untracked 
|  19|0x0000000706a00000, 0x0000000706a00000, 0x0000000706c00000|  0%| F|  |TAMS 0x0000000706a00000| PB 0x0000000706a00000| Untracked 
|  20|0x0000000706c00000, 0x0000000706c00000, 0x0000000706e00000|  0%| F|  |TAMS 0x0000000706c00000| PB 0x0000000706c00000| Untracked 
|  21|0x0000000706e00000, 0x0000000706e00000, 0x0000000707000000|  0%| F|  |TAMS 0x0000000706e00000| PB 0x0000000706e00000| Untracked 
|  22|0x0000000707000000, 0x0000000707000000, 0x0000000707200000|  0%| F|  |TAMS 0x0000000707000000| PB 0x0000000707000000| Untracked 
|  23|0x0000000707200000, 0x0000000707200000, 0x0000000707400000|  0%| F|  |TAMS 0x0000000707200000| PB 0x0000000707200000| Untracked 
|  24|0x0000000707400000, 0x0000000707400000, 0x0000000707600000|  0%| F|  |TAMS 0x0000000707400000| PB 0x0000000707400000| Untracked 
|  25|0x0000000707600000, 0x0000000707600000, 0x0000000707800000|  0%| F|  |TAMS 0x0000000707600000| PB 0x0000000707600000| Untracked 
|  26|0x0000000707800000, 0x0000000707800000, 0x0000000707a00000|  0%| F|  |TAMS 0x0000000707800000| PB 0x0000000707800000| Untracked 
|  27|0x0000000707a00000, 0x0000000707a00000, 0x0000000707c00000|  0%| F|  |TAMS 0x0000000707a00000| PB 0x0000000707a00000| Untracked 
|  28|0x0000000707c00000, 0x0000000707c00000, 0x0000000707e00000|  0%| F|  |TAMS 0x0000000707c00000| PB 0x0000000707c00000| Untracked 
|  29|0x0000000707e00000, 0x0000000707e00000, 0x0000000708000000|  0%| F|  |TAMS 0x0000000707e00000| PB 0x0000000707e00000| Untracked 
|  30|0x0000000708000000, 0x0000000708000000, 0x0000000708200000|  0%| F|  |TAMS 0x0000000708000000| PB 0x0000000708000000| Untracked 
|  31|0x0000000708200000, 0x0000000708200000, 0x0000000708400000|  0%| F|  |TAMS 0x0000000708200000| PB 0x0000000708200000| Untracked 
|  32|0x0000000708400000, 0x0000000708400000, 0x0000000708600000|  0%| F|  |TAMS 0x0000000708400000| PB 0x0000000708400000| Untracked 
|  33|0x0000000708600000, 0x0000000708600000, 0x0000000708800000|  0%| F|  |TAMS 0x0000000708600000| PB 0x0000000708600000| Untracked 
|  34|0x0000000708800000, 0x0000000708800000, 0x0000000708a00000|  0%| F|  |TAMS 0x0000000708800000| PB 0x0000000708800000| Untracked 
|  35|0x0000000708a00000, 0x0000000708a00000, 0x0000000708c00000|  0%| F|  |TAMS 0x0000000708a00000| PB 0x0000000708a00000| Untracked 
|  36|0x0000000708c00000, 0x0000000708c00000, 0x0000000708e00000|  0%| F|  |TAMS 0x0000000708c00000| PB 0x0000000708c00000| Untracked 
|  37|0x0000000708e00000, 0x0000000708e00000, 0x0000000709000000|  0%| F|  |TAMS 0x0000000708e00000| PB 0x0000000708e00000| Untracked 
|  38|0x0000000709000000, 0x0000000709000000, 0x0000000709200000|  0%| F|  |TAMS 0x0000000709000000| PB 0x0000000709000000| Untracked 
|  39|0x0000000709200000, 0x0000000709200000, 0x0000000709400000|  0%| F|  |TAMS 0x0000000709200000| PB 0x0000000709200000| Untracked 
|  40|0x0000000709400000, 0x0000000709400000, 0x0000000709600000|  0%| F|  |TAMS 0x0000000709400000| PB 0x0000000709400000| Untracked 
|  41|0x0000000709600000, 0x0000000709600000, 0x0000000709800000|  0%| F|  |TAMS 0x0000000709600000| PB 0x0000000709600000| Untracked 
|  42|0x0000000709800000, 0x0000000709800000, 0x0000000709a00000|  0%| F|  |TAMS 0x0000000709800000| PB 0x0000000709800000| Untracked 
|  43|0x0000000709a00000, 0x0000000709a00000, 0x0000000709c00000|  0%| F|  |TAMS 0x0000000709a00000| PB 0x0000000709a00000| Untracked 
|  44|0x0000000709c00000, 0x0000000709c00000, 0x0000000709e00000|  0%| F|  |TAMS 0x0000000709c00000| PB 0x0000000709c00000| Untracked 
|  45|0x0000000709e00000, 0x0000000709e00000, 0x000000070a000000|  0%| F|  |TAMS 0x0000000709e00000| PB 0x0000000709e00000| Untracked 
|  46|0x000000070a000000, 0x000000070a000000, 0x000000070a200000|  0%| F|  |TAMS 0x000000070a000000| PB 0x000000070a000000| Untracked 
|  47|0x000000070a200000, 0x000000070a200000, 0x000000070a400000|  0%| F|  |TAMS 0x000000070a200000| PB 0x000000070a200000| Untracked 
|  48|0x000000070a400000, 0x000000070a400000, 0x000000070a600000|  0%| F|  |TAMS 0x000000070a400000| PB 0x000000070a400000| Untracked 
|  49|0x000000070a600000, 0x000000070a600000, 0x000000070a800000|  0%| F|  |TAMS 0x000000070a600000| PB 0x000000070a600000| Untracked 
|  50|0x000000070a800000, 0x000000070a800000, 0x000000070aa00000|  0%| F|  |TAMS 0x000000070a800000| PB 0x000000070a800000| Untracked 
|  51|0x000000070aa00000, 0x000000070aa00000, 0x000000070ac00000|  0%| F|  |TAMS 0x000000070aa00000| PB 0x000000070aa00000| Untracked 
|  52|0x000000070ac00000, 0x000000070ac00000, 0x000000070ae00000|  0%| F|  |TAMS 0x000000070ac00000| PB 0x000000070ac00000| Untracked 
|  53|0x000000070ae00000, 0x000000070ae00000, 0x000000070b000000|  0%| F|  |TAMS 0x000000070ae00000| PB 0x000000070ae00000| Untracked 
|  54|0x000000070b000000, 0x000000070b000000, 0x000000070b200000|  0%| F|  |TAMS 0x000000070b000000| PB 0x000000070b000000| Untracked 
|  55|0x000000070b200000, 0x000000070b200000, 0x000000070b400000|  0%| F|  |TAMS 0x000000070b200000| PB 0x000000070b200000| Untracked 
|  56|0x000000070b400000, 0x000000070b400000, 0x000000070b600000|  0%| F|  |TAMS 0x000000070b400000| PB 0x000000070b400000| Untracked 
|  57|0x000000070b600000, 0x000000070b600000, 0x000000070b800000|  0%| F|  |TAMS 0x000000070b600000| PB 0x000000070b600000| Untracked 
|  58|0x000000070b800000, 0x000000070b800000, 0x000000070ba00000|  0%| F|  |TAMS 0x000000070b800000| PB 0x000000070b800000| Untracked 
|  59|0x000000070ba00000, 0x000000070ba00000, 0x000000070bc00000|  0%| F|  |TAMS 0x000000070ba00000| PB 0x000000070ba00000| Untracked 
|  60|0x000000070bc00000, 0x000000070bc00000, 0x000000070be00000|  0%| F|  |TAMS 0x000000070bc00000| PB 0x000000070bc00000| Untracked 
|  61|0x000000070be00000, 0x000000070be00000, 0x000000070c000000|  0%| F|  |TAMS 0x000000070be00000| PB 0x000000070be00000| Untracked 
|  62|0x000000070c000000, 0x000000070c000000, 0x000000070c200000|  0%| F|  |TAMS 0x000000070c000000| PB 0x000000070c000000| Untracked 
|  63|0x000000070c200000, 0x000000070c200000, 0x000000070c400000|  0%| F|  |TAMS 0x000000070c200000| PB 0x000000070c200000| Untracked 
|  64|0x000000070c400000, 0x000000070c400000, 0x000000070c600000|  0%| F|  |TAMS 0x000000070c400000| PB 0x000000070c400000| Untracked 
|  65|0x000000070c600000, 0x000000070c600000, 0x000000070c800000|  0%| F|  |TAMS 0x000000070c600000| PB 0x000000070c600000| Untracked 
|  66|0x000000070c800000, 0x000000070c800000, 0x000000070ca00000|  0%| F|  |TAMS 0x000000070c800000| PB 0x000000070c800000| Untracked 
|  67|0x000000070ca00000, 0x000000070ca00000, 0x000000070cc00000|  0%| F|  |TAMS 0x000000070ca00000| PB 0x000000070ca00000| Untracked 
|  68|0x000000070cc00000, 0x000000070cc00000, 0x000000070ce00000|  0%| F|  |TAMS 0x000000070cc00000| PB 0x000000070cc00000| Untracked 
|  69|0x000000070ce00000, 0x000000070ce00000, 0x000000070d000000|  0%| F|  |TAMS 0x000000070ce00000| PB 0x000000070ce00000| Untracked 
|  70|0x000000070d000000, 0x000000070d000000, 0x000000070d200000|  0%| F|  |TAMS 0x000000070d000000| PB 0x000000070d000000| Untracked 
|  71|0x000000070d200000, 0x000000070d200000, 0x000000070d400000|  0%| F|  |TAMS 0x000000070d200000| PB 0x000000070d200000| Untracked 
|  72|0x000000070d400000, 0x000000070d400000, 0x000000070d600000|  0%| F|  |TAMS 0x000000070d400000| PB 0x000000070d400000| Untracked 
|  73|0x000000070d600000, 0x000000070d600000, 0x000000070d800000|  0%| F|  |TAMS 0x000000070d600000| PB 0x000000070d600000| Untracked 
|  74|0x000000070d800000, 0x000000070d800000, 0x000000070da00000|  0%| F|  |TAMS 0x000000070d800000| PB 0x000000070d800000| Untracked 
|  75|0x000000070da00000, 0x000000070da00000, 0x000000070dc00000|  0%| F|  |TAMS 0x000000070da00000| PB 0x000000070da00000| Untracked 
|  76|0x000000070dc00000, 0x000000070dc00000, 0x000000070de00000|  0%| F|  |TAMS 0x000000070dc00000| PB 0x000000070dc00000| Untracked 
|  77|0x000000070de00000, 0x000000070de00000, 0x000000070e000000|  0%| F|  |TAMS 0x000000070de00000| PB 0x000000070de00000| Untracked 
|  78|0x000000070e000000, 0x000000070e000000, 0x000000070e200000|  0%| F|  |TAMS 0x000000070e000000| PB 0x000000070e000000| Untracked 
|  79|0x000000070e200000, 0x000000070e200000, 0x000000070e400000|  0%| F|  |TAMS 0x000000070e200000| PB 0x000000070e200000| Untracked 
|  80|0x000000070e400000, 0x000000070e400000, 0x000000070e600000|  0%| F|  |TAMS 0x000000070e400000| PB 0x000000070e400000| Untracked 
|  81|0x000000070e600000, 0x000000070e600000, 0x000000070e800000|  0%| F|  |TAMS 0x000000070e600000| PB 0x000000070e600000| Untracked 
|  82|0x000000070e800000, 0x000000070e800000, 0x000000070ea00000|  0%| F|  |TAMS 0x000000070e800000| PB 0x000000070e800000| Untracked 
|  83|0x000000070ea00000, 0x000000070ea00000, 0x000000070ec00000|  0%| F|  |TAMS 0x000000070ea00000| PB 0x000000070ea00000| Untracked 
|  84|0x000000070ec00000, 0x000000070ec00000, 0x000000070ee00000|  0%| F|  |TAMS 0x000000070ec00000| PB 0x000000070ec00000| Untracked 
|  85|0x000000070ee00000, 0x000000070ee00000, 0x000000070f000000|  0%| F|  |TAMS 0x000000070ee00000| PB 0x000000070ee00000| Untracked 
|  86|0x000000070f000000, 0x000000070f000000, 0x000000070f200000|  0%| F|  |TAMS 0x000000070f000000| PB 0x000000070f000000| Untracked 
|  87|0x000000070f200000, 0x000000070f200000, 0x000000070f400000|  0%| F|  |TAMS 0x000000070f200000| PB 0x000000070f200000| Untracked 
|  88|0x000000070f400000, 0x000000070f400000, 0x000000070f600000|  0%| F|  |TAMS 0x000000070f400000| PB 0x000000070f400000| Untracked 
|  89|0x000000070f600000, 0x000000070f600000, 0x000000070f800000|  0%| F|  |TAMS 0x000000070f600000| PB 0x000000070f600000| Untracked 
|  90|0x000000070f800000, 0x000000070f800000, 0x000000070fa00000|  0%| F|  |TAMS 0x000000070f800000| PB 0x000000070f800000| Untracked 
|  91|0x000000070fa00000, 0x000000070fa00000, 0x000000070fc00000|  0%| F|  |TAMS 0x000000070fa00000| PB 0x000000070fa00000| Untracked 
|  92|0x000000070fc00000, 0x000000070fc00000, 0x000000070fe00000|  0%| F|  |TAMS 0x000000070fc00000| PB 0x000000070fc00000| Untracked 
|  93|0x000000070fe00000, 0x000000070fe00000, 0x0000000710000000|  0%| F|  |TAMS 0x000000070fe00000| PB 0x000000070fe00000| Untracked 
|  94|0x0000000710000000, 0x0000000710000000, 0x0000000710200000|  0%| F|  |TAMS 0x0000000710000000| PB 0x0000000710000000| Untracked 
|  95|0x0000000710200000, 0x0000000710200000, 0x0000000710400000|  0%| F|  |TAMS 0x0000000710200000| PB 0x0000000710200000| Untracked 
|  96|0x0000000710400000, 0x0000000710400000, 0x0000000710600000|  0%| F|  |TAMS 0x0000000710400000| PB 0x0000000710400000| Untracked 
|  97|0x0000000710600000, 0x0000000710600000, 0x0000000710800000|  0%| F|  |TAMS 0x0000000710600000| PB 0x0000000710600000| Untracked 
|  98|0x0000000710800000, 0x0000000710800000, 0x0000000710a00000|  0%| F|  |TAMS 0x0000000710800000| PB 0x0000000710800000| Untracked 
|  99|0x0000000710a00000, 0x0000000710a00000, 0x0000000710c00000|  0%| F|  |TAMS 0x0000000710a00000| PB 0x0000000710a00000| Untracked 
| 100|0x0000000710c00000, 0x0000000710c00000, 0x0000000710e00000|  0%| F|  |TAMS 0x0000000710c00000| PB 0x0000000710c00000| Untracked 
| 101|0x0000000710e00000, 0x0000000710e00000, 0x0000000711000000|  0%| F|  |TAMS 0x0000000710e00000| PB 0x0000000710e00000| Untracked 
| 102|0x0000000711000000, 0x0000000711200000, 0x0000000711200000|100%| S|CS|TAMS 0x0000000711000000| PB 0x0000000711000000| Complete 
| 103|0x0000000711200000, 0x0000000711400000, 0x0000000711400000|100%| S|CS|TAMS 0x0000000711200000| PB 0x0000000711200000| Complete 
| 104|0x0000000711400000, 0x0000000711400000, 0x0000000711600000|  0%| F|  |TAMS 0x0000000711400000| PB 0x0000000711400000| Untracked 
| 105|0x0000000711600000, 0x0000000711600000, 0x0000000711800000|  0%| F|  |TAMS 0x0000000711600000| PB 0x0000000711600000| Untracked 
| 106|0x0000000711800000, 0x0000000711800000, 0x0000000711a00000|  0%| F|  |TAMS 0x0000000711800000| PB 0x0000000711800000| Untracked 
| 107|0x0000000711a00000, 0x0000000711a00000, 0x0000000711c00000|  0%| F|  |TAMS 0x0000000711a00000| PB 0x0000000711a00000| Untracked 
| 108|0x0000000711c00000, 0x0000000711c00000, 0x0000000711e00000|  0%| F|  |TAMS 0x0000000711c00000| PB 0x0000000711c00000| Untracked 
| 109|0x0000000711e00000, 0x0000000711e00000, 0x0000000712000000|  0%| F|  |TAMS 0x0000000711e00000| PB 0x0000000711e00000| Untracked 
| 110|0x0000000712000000, 0x0000000712000000, 0x0000000712200000|  0%| F|  |TAMS 0x0000000712000000| PB 0x0000000712000000| Untracked 
| 111|0x0000000712200000, 0x0000000712200000, 0x0000000712400000|  0%| F|  |TAMS 0x0000000712200000| PB 0x0000000712200000| Untracked 
| 112|0x0000000712400000, 0x0000000712400000, 0x0000000712600000|  0%| F|  |TAMS 0x0000000712400000| PB 0x0000000712400000| Untracked 
| 113|0x0000000712600000, 0x0000000712600000, 0x0000000712800000|  0%| F|  |TAMS 0x0000000712600000| PB 0x0000000712600000| Untracked 
| 114|0x0000000712800000, 0x0000000712800000, 0x0000000712a00000|  0%| F|  |TAMS 0x0000000712800000| PB 0x0000000712800000| Untracked 
| 115|0x0000000712a00000, 0x0000000712a00000, 0x0000000712c00000|  0%| F|  |TAMS 0x0000000712a00000| PB 0x0000000712a00000| Untracked 
| 116|0x0000000712c00000, 0x0000000712c00000, 0x0000000712e00000|  0%| F|  |TAMS 0x0000000712c00000| PB 0x0000000712c00000| Untracked 
| 117|0x0000000712e00000, 0x0000000712e00000, 0x0000000713000000|  0%| F|  |TAMS 0x0000000712e00000| PB 0x0000000712e00000| Untracked 
| 118|0x0000000713000000, 0x0000000713200000, 0x0000000713200000|100%| E|  |TAMS 0x0000000713000000| PB 0x0000000713000000| Complete 
| 119|0x0000000713200000, 0x0000000713400000, 0x0000000713400000|100%| E|CS|TAMS 0x0000000713200000| PB 0x0000000713200000| Complete 
| 120|0x0000000713400000, 0x0000000713600000, 0x0000000713600000|100%| E|CS|TAMS 0x0000000713400000| PB 0x0000000713400000| Complete 
| 121|0x0000000713600000, 0x0000000713800000, 0x0000000713800000|100%| E|CS|TAMS 0x0000000713600000| PB 0x0000000713600000| Complete 
| 122|0x0000000713800000, 0x0000000713a00000, 0x0000000713a00000|100%| E|CS|TAMS 0x0000000713800000| PB 0x0000000713800000| Complete 
| 123|0x0000000713a00000, 0x0000000713c00000, 0x0000000713c00000|100%| E|CS|TAMS 0x0000000713a00000| PB 0x0000000713a00000| Complete 
| 124|0x0000000713c00000, 0x0000000713e00000, 0x0000000713e00000|100%| E|CS|TAMS 0x0000000713c00000| PB 0x0000000713c00000| Complete 
| 125|0x0000000713e00000, 0x0000000714000000, 0x0000000714000000|100%| E|CS|TAMS 0x0000000713e00000| PB 0x0000000713e00000| Complete 

Card table byte_map: [0x000001cbab010000,0x000001cbab7f0000] _byte_map_base: 0x000001cba77ee000

Marking Bits: (CMBitMap*) 0x000001cb9270dbe0
 Bits: [0x000001cbab7f0000, 0x000001cbaf6e0000)

Polling page: 0x000001cb90dd0000

Metaspace:

Usage:
  Non-class:      8.56 MB used.
      Class:      1.22 MB used.
       Both:      9.77 MB used.

Virtual space:
  Non-class space:       64.00 MB reserved,       8.69 MB ( 14%) committed,  1 nodes.
      Class space:        1.00 GB reserved,       1.38 MB ( <1%) committed,  1 nodes.
             Both:        1.06 GB reserved,      10.06 MB ( <1%) committed. 

Chunk freelists:
   Non-Class:  6.62 MB
       Class:  14.61 MB
        Both:  21.23 MB

MaxMetaspaceSize: unlimited
CompressedClassSpaceSize: 1.00 GB
Initial GC threshold: 21.00 MB
Current GC threshold: 21.00 MB
CDS: on
 - commit_granule_bytes: 65536.
 - commit_granule_words: 8192.
 - virtual_space_node_default_size: 8388608.
 - enlarge_chunks_in_place: 1.
 - use_allocation_guard: 0.


Internal statistics:

num_allocs_failed_limit: 0.
num_arena_births: 338.
num_arena_deaths: 0.
num_vsnodes_births: 2.
num_vsnodes_deaths: 0.
num_space_committed: 161.
num_space_uncommitted: 0.
num_chunks_returned_to_freelist: 0.
num_chunks_taken_from_freelist: 698.
num_chunk_merges: 0.
num_chunk_splits: 432.
num_chunks_enlarged: 275.
num_inconsistent_stats: 0.

CodeHeap 'non-profiled nmethods': size=120000Kb used=1165Kb max_used=1165Kb free=118834Kb
 bounds [0x000001cba2670000, 0x000001cba28e0000, 0x000001cba9ba0000]
CodeHeap 'profiled nmethods': size=120000Kb used=3772Kb max_used=3772Kb free=116227Kb
 bounds [0x000001cb9aba0000, 0x000001cb9af50000, 0x000001cba20d0000]
CodeHeap 'non-nmethods': size=5760Kb used=1401Kb max_used=1435Kb free=4358Kb
 bounds [0x000001cba20d0000, 0x000001cba2340000, 0x000001cba2670000]
 total_blobs=2631 nmethods=2137 adapters=398
 compilation: enabled
              stopped_count=0, restarted_count=0
 full_count=0

Compilation events (20 events):
Event: 2.450 Thread 0x000001cbb24d8850 nmethod 2130 0x000001cb9af49e10 code [0x000001cb9af4a040, 0x000001cb9af4a870]
Event: 2.450 Thread 0x000001cbb24d8850 2133       3       java.util.ImmutableCollections$SetN::<init> (90 bytes)
Event: 2.451 Thread 0x000001cbb24d8850 nmethod 2133 0x000001cb9af4ab10 code [0x000001cb9af4adc0, 0x000001cb9af4bb10]
Event: 2.451 Thread 0x000001cbb24d8850 2127       3       jdk.internal.module.Builder::newExports (11 bytes)
Event: 2.451 Thread 0x000001cbb24d8850 nmethod 2127 0x000001cb9af4bf90 code [0x000001cb9af4c140, 0x000001cb9af4c288]
Event: 2.451 Thread 0x000001cbb24d8850 2132       3       java.lang.module.ModuleDescriptor$1::newExports (14 bytes)
Event: 2.451 Thread 0x000001cbb24d8850 nmethod 2132 0x000001cb9af4c310 code [0x000001cb9af4c4e0, 0x000001cb9af4c898]
Event: 2.451 Thread 0x000001cbb24d8850 2131       1       java.lang.module.ModuleDescriptor$Version::toString (5 bytes)
Event: 2.451 Thread 0x000001cbb24d8850 nmethod 2131 0x000001cba2793010 code [0x000001cba27931a0, 0x000001cba2793270]
Event: 2.451 Thread 0x000001cbb24d8850 2135       3       java.net.URI::hash (33 bytes)
Event: 2.451 Thread 0x000001cbb24d8850 nmethod 2135 0x000001cb9af4ca10 code [0x000001cb9af4cc00, 0x000001cb9af4ced8]
Event: 2.451 Thread 0x000001cbb24d8850 2134       3       java.util.ImmutableCollections$SetN::contains (26 bytes)
Event: 2.452 Thread 0x000001cbb24d8850 nmethod 2134 0x000001cb9af4d010 code [0x000001cb9af4d1e0, 0x000001cb9af4d510]
Event: 2.452 Thread 0x000001cbb24d8850 2136       1       java.lang.invoke.MethodHandle::internalForm (5 bytes)
Event: 2.452 Thread 0x000001cbb24d8850 nmethod 2136 0x000001cba2793310 code [0x000001cba27934a0, 0x000001cba2793570]
Event: 2.452 Thread 0x000001cbb24d8850 2137       3       java.lang.invoke.MethodHandles$Lookup::getDirectMethodNoSecurityManager (18 bytes)
Event: 2.452 Thread 0x000001cbb24d8850 nmethod 2137 0x000001cb9af4d610 code [0x000001cb9af4d7c0, 0x000001cb9af4d910]
Event: 2.452 Thread 0x000001cbb24d8850 2138       3       java.lang.invoke.MethodType::dropParameterTypes (162 bytes)
Event: 2.453 Thread 0x000001cbb24d8850 nmethod 2138 0x000001cb9af4da10 code [0x000001cb9af4dd20, 0x000001cb9af4ec30]
Event: 2.460 Thread 0x000001cbb24b6320 2139   !   4       java.net.URL::<init> (543 bytes)

GC Heap History (4 events):
Event: 0.573 GC heap before
{Heap before GC invocations=0 (full 0):
 garbage-first heap   total 258048K, used 22528K [0x0000000704400000, 0x0000000800000000)
  region size 2048K, 11 young (22528K), 0 survivors (0K)
 Metaspace       used 3277K, committed 3520K, reserved 1114112K
  class space    used 323K, committed 448K, reserved 1048576K
}
Event: 0.577 GC heap after
{Heap after GC invocations=1 (full 0):
 garbage-first heap   total 258048K, used 2367K [0x0000000704400000, 0x0000000800000000)
  region size 2048K, 2 young (4096K), 2 survivors (4096K)
 Metaspace       used 3277K, committed 3520K, reserved 1114112K
  class space    used 323K, committed 448K, reserved 1048576K
}
Event: 1.227 GC heap before
{Heap before GC invocations=1 (full 0):
 garbage-first heap   total 258048K, used 43327K [0x0000000704400000, 0x0000000800000000)
  region size 2048K, 22 young (45056K), 2 survivors (4096K)
 Metaspace       used 8436K, committed 8768K, reserved 1114112K
  class space    used 1021K, committed 1152K, reserved 1048576K
}
Event: 1.231 GC heap after
{Heap after GC invocations=2 (full 0):
 garbage-first heap   total 258048K, used 4096K [0x0000000704400000, 0x0000000800000000)
  region size 2048K, 2 young (4096K), 2 survivors (4096K)
 Metaspace       used 8436K, committed 8768K, reserved 1114112K
  class space    used 1021K, committed 1152K, reserved 1048576K
}

Dll operation events (7 events):
Event: 0.011 Loaded shared library C:\Program Files\Java\jdk-21\bin\java.dll
Event: 0.039 Loaded shared library C:\Program Files\Java\jdk-21\bin\jsvml.dll
Event: 0.057 Loaded shared library C:\Program Files\Java\jdk-21\bin\net.dll
Event: 0.059 Loaded shared library C:\Program Files\Java\jdk-21\bin\nio.dll
Event: 0.064 Loaded shared library C:\Program Files\Java\jdk-21\bin\zip.dll
Event: 0.108 Loaded shared library C:\Program Files\Java\jdk-21\bin\jimage.dll
Event: 0.372 Loaded shared library C:\Program Files\Java\jdk-21\bin\verify.dll

Deoptimization events (20 events):
Event: 1.333 Thread 0x000001cb90c1e100 Uncommon trap: trap_request=0xffffffd6 fr.pc=0x000001cba2788e08 relative=0x00000000000018c8
Event: 1.333 Thread 0x000001cb90c1e100 Uncommon trap: reason=array_check action=maybe_recompile pc=0x000001cba2788e08 method=org.springframework.boot.context.properties.source.ConfigurationPropertyName.getElement(ILorg/springframework/boot/context/properties/source/ConfigurationPropertyName$Fo
Event: 1.333 Thread 0x000001cb90c1e100 DEOPT PACKING pc=0x000001cba2788e08 sp=0x00000047b46fdb80
Event: 1.333 Thread 0x000001cb90c1e100 DEOPT UNPACKING pc=0x000001cba21246a2 sp=0x00000047b46fdb58 mode 2
Event: 1.334 Thread 0x000001cb90c1e100 Uncommon trap: trap_request=0xffffffd6 fr.pc=0x000001cba2788e08 relative=0x00000000000018c8
Event: 1.334 Thread 0x000001cb90c1e100 Uncommon trap: reason=array_check action=maybe_recompile pc=0x000001cba2788e08 method=org.springframework.boot.context.properties.source.ConfigurationPropertyName.getElement(ILorg/springframework/boot/context/properties/source/ConfigurationPropertyName$Fo
Event: 1.334 Thread 0x000001cb90c1e100 DEOPT PACKING pc=0x000001cba2788e08 sp=0x00000047b46fdc00
Event: 1.334 Thread 0x000001cb90c1e100 DEOPT UNPACKING pc=0x000001cba21246a2 sp=0x00000047b46fdbd8 mode 2
Event: 1.334 Thread 0x000001cb90c1e100 Uncommon trap: trap_request=0xffffffd6 fr.pc=0x000001cba2788e08 relative=0x00000000000018c8
Event: 1.334 Thread 0x000001cb90c1e100 Uncommon trap: reason=array_check action=maybe_recompile pc=0x000001cba2788e08 method=org.springframework.boot.context.properties.source.ConfigurationPropertyName.getElement(ILorg/springframework/boot/context/properties/source/ConfigurationPropertyName$Fo
Event: 1.334 Thread 0x000001cb90c1e100 DEOPT PACKING pc=0x000001cba2788e08 sp=0x00000047b46fdc00
Event: 1.334 Thread 0x000001cb90c1e100 DEOPT UNPACKING pc=0x000001cba21246a2 sp=0x00000047b46fdbd8 mode 2
Event: 2.414 Thread 0x000001cb90c1e100 Uncommon trap: trap_request=0xffffff45 fr.pc=0x000001cba2723950 relative=0x0000000000002f90
Event: 2.414 Thread 0x000001cb90c1e100 Uncommon trap: reason=unstable_if action=reinterpret pc=0x000001cba2723950 method=java.net.URL.<init>(Ljava/net/URL;Ljava/lang/String;Ljava/net/URLStreamHandler;)V @ 347 c2
Event: 2.414 Thread 0x000001cb90c1e100 DEOPT PACKING pc=0x000001cba2723950 sp=0x00000047b46fead0
Event: 2.414 Thread 0x000001cb90c1e100 DEOPT UNPACKING pc=0x000001cba21246a2 sp=0x00000047b46fea90 mode 2
Event: 2.426 Thread 0x000001cb90c1e100 Uncommon trap: trap_request=0xffffff45 fr.pc=0x000001cba26a1068 relative=0x00000000000000c8
Event: 2.426 Thread 0x000001cb90c1e100 Uncommon trap: reason=unstable_if action=reinterpret pc=0x000001cba26a1068 method=java.nio.Buffer.limit(I)Ljava/nio/Buffer; @ 42 c2
Event: 2.426 Thread 0x000001cb90c1e100 DEOPT PACKING pc=0x000001cba26a1068 sp=0x00000047b46fd490
Event: 2.426 Thread 0x000001cb90c1e100 DEOPT UNPACKING pc=0x000001cba21246a2 sp=0x00000047b46fd3d0 mode 2

Classes loaded (20 events):
Event: 2.422 Loading class java/util/ServiceLoader$LayerLookupIterator
Event: 2.423 Loading class java/util/ServiceLoader$LayerLookupIterator done
Event: 2.423 Loading class java/util/ServiceLoader$ProviderSpliterator
Event: 2.423 Loading class java/util/ServiceLoader$ProviderSpliterator done
Event: 2.424 Loading class jdk/internal/io/JdkConsole
Event: 2.424 Loading class jdk/internal/io/JdkConsole done
Event: 2.427 Loading class java/util/AbstractMap$2
Event: 2.427 Loading class java/util/AbstractMap$2 done
Event: 2.427 Loading class java/util/AbstractMap$2$1
Event: 2.427 Loading class java/util/AbstractMap$2$1 done
Event: 2.427 Loading class java/io/Console$1
Event: 2.427 Loading class jdk/internal/access/JavaIOAccess
Event: 2.427 Loading class jdk/internal/access/JavaIOAccess done
Event: 2.427 Loading class java/io/Console$1 done
Event: 2.449 Loading class java/nio/file/FileSystemNotFoundException
Event: 2.449 Loading class java/nio/file/FileSystemNotFoundException done
Event: 2.473 Loading class java/io/NotSerializableException
Event: 2.474 Loading class java/io/ObjectStreamException
Event: 2.474 Loading class java/io/ObjectStreamException done
Event: 2.474 Loading class java/io/NotSerializableException done

Classes unloaded (0 events):
No events

Classes redefined (0 events):
No events

Internal exceptions (20 events):
Event: 1.135 Thread 0x000001cb90c1e100 Exception <a 'java/lang/NoSuchMethodError'{0x0000000711ac32c8}: 'int java.lang.invoke.DirectMethodHandle$Holder.invokeInterface(java.lang.Object, java.lang.Object)'> (0x0000000711ac32c8) 
thrown [s\open\src\hotspot\share\interpreter\linkResolver.cpp, line 773]
Event: 1.219 Thread 0x000001cb90c1e100 Exception <a 'java/lang/NoSuchMethodError'{0x0000000711582500}: 'void java.lang.invoke.DirectMethodHandle$Holder.invokeSpecial(java.lang.Object, java.lang.Object, java.lang.Object, java.lang.Object, java.lang.Object, java.lang.Object)'> (0x0000000711582500) 
thrown [s\open\src\hotspot\share\interpreter\linkResolver.cpp, line 773]
Event: 1.243 Thread 0x000001cb90c1e100 Exception <a 'java/lang/NoSuchMethodError'{0x0000000713f2b3b0}: 'java.lang.Object java.lang.invoke.DirectMethodHandle$Holder.invokeSpecial(java.lang.Object, java.lang.Object, java.lang.Object, int, java.lang.Object)'> (0x0000000713f2b3b0) 
thrown [s\open\src\hotspot\share\interpreter\linkResolver.cpp, line 773]
Event: 1.244 Thread 0x000001cb90c1e100 Exception <a 'java/lang/NoSuchMethodError'{0x0000000713f32bc8}: 'java.lang.Object java.lang.invoke.DirectMethodHandle$Holder.newInvokeSpecial(java.lang.Object, java.lang.Object, java.lang.Object, int, java.lang.Object)'> (0x0000000713f32bc8) 
thrown [s\open\src\hotspot\share\interpreter\linkResolver.cpp, line 773]
Event: 1.244 Thread 0x000001cb90c1e100 Exception <a 'java/lang/NoSuchMethodError'{0x0000000713f3a060}: 'java.lang.Object java.lang.invoke.Invokers$Holder.linkToTargetMethod(java.lang.Object, java.lang.Object, int, java.lang.Object, java.lang.Object)'> (0x0000000713f3a060) 
thrown [s\open\src\hotspot\share\interpreter\linkResolver.cpp, line 773]
Event: 1.246 Thread 0x000001cb90c1e100 Exception <a 'java/lang/NoSuchMethodError'{0x0000000713f4f278}: 'java.lang.Object java.lang.invoke.DirectMethodHandle$Holder.newInvokeSpecial(java.lang.Object, int, java.lang.Object)'> (0x0000000713f4f278) 
thrown [s\open\src\hotspot\share\interpreter\linkResolver.cpp, line 773]
Event: 1.247 Thread 0x000001cb90c1e100 Exception <a 'java/lang/NoSuchMethodError'{0x0000000713f53a70}: 'int java.lang.invoke.DirectMethodHandle$Holder.invokeSpecialIFC(java.lang.Object, java.lang.Object, java.lang.Object, java.lang.Object)'> (0x0000000713f53a70) 
thrown [s\open\src\hotspot\share\interpreter\linkResolver.cpp, line 773]
Event: 1.270 Thread 0x000001cb90c1e100 Exception <a 'java/lang/NoSuchMethodError'{0x0000000713c42900}: 'void java.lang.invoke.DirectMethodHandle$Holder.invokeInterface(java.lang.Object, java.lang.Object, java.lang.Object)'> (0x0000000713c42900) 
thrown [s\open\src\hotspot\share\interpreter\linkResolver.cpp, line 773]
Event: 1.295 Thread 0x000001cb90c1e100 Exception <a 'java/lang/NoSuchMethodError'{0x0000000713dc7490}: 'void java.lang.invoke.DirectMethodHandle$Holder.invokeStaticInit(java.lang.Object, java.lang.Object, java.lang.Object)'> (0x0000000713dc7490) 
thrown [s\open\src\hotspot\share\interpreter\linkResolver.cpp, line 773]
Event: 1.304 Thread 0x000001cb90c1e100 Exception <a 'java/lang/NoSuchMethodError'{0x0000000713df77e0}: 'java.lang.Object java.lang.invoke.DirectMethodHandle$Holder.invokeStatic(java.lang.Object, long, java.lang.Object)'> (0x0000000713df77e0) 
thrown [s\open\src\hotspot\share\interpreter\linkResolver.cpp, line 773]
Event: 1.305 Thread 0x000001cb90c1e100 Exception <a 'java/lang/NoSuchMethodError'{0x0000000713dfae48}: 'java.lang.Object java.lang.invoke.DirectMethodHandle$Holder.invokeStaticInit(java.lang.Object, long, java.lang.Object)'> (0x0000000713dfae48) 
thrown [s\open\src\hotspot\share\interpreter\linkResolver.cpp, line 773]
Event: 1.305 Thread 0x000001cb90c1e100 Exception <a 'java/lang/NoSuchMethodError'{0x0000000713a00848}: 'java.lang.Object java.lang.invoke.DirectMethodHandle$Holder.newInvokeSpecial(java.lang.Object, long)'> (0x0000000713a00848) 
thrown [s\open\src\hotspot\share\interpreter\linkResolver.cpp, line 773]
Event: 1.332 Thread 0x000001cb90c1e100 Exception <a 'java/lang/NoSuchMethodError'{0x0000000713aef2c8}: 'void java.lang.invoke.DirectMethodHandle$Holder.invokeVirtual(java.lang.Object, java.lang.Object, java.lang.Object, java.lang.Object)'> (0x0000000713aef2c8) 
thrown [s\open\src\hotspot\share\interpreter\linkResolver.cpp, line 773]
Event: 2.409 Thread 0x000001cb90c1e100 Exception <a 'java/lang/IncompatibleClassChangeError'{0x0000000713444190}: Found class java.lang.Object, but interface was expected> (0x0000000713444190) 
thrown [s\open\src\hotspot\share\interpreter\linkResolver.cpp, line 840]
Event: 2.413 Thread 0x000001cbf9817b70 Exception <a 'java/lang/NoClassDefFoundError'{0x00000007134f1080}: jakarta/validation/Validation> (0x00000007134f1080) 
thrown [s\open\src\hotspot\share\classfile\systemDictionary.cpp, line 301]
Event: 2.415 Thread 0x000001cbf9817b70 Exception <a 'java/lang/NoClassDefFoundError'{0x00000007135058f8}: org/springframework/http/converter/support/AllEncompassingFormHttpMessageConverter> (0x00000007135058f8) 
thrown [s\open\src\hotspot\share\classfile\systemDictionary.cpp, line 301]
Event: 2.418 Thread 0x000001cbf9817b70 Exception <a 'java/lang/NoClassDefFoundError'{0x0000000713519a68}: org/springframework/http/converter/json/Jackson2ObjectMapperBuilder> (0x0000000713519a68) 
thrown [s\open\src\hotspot\share\classfile\systemDictionary.cpp, line 301]
Event: 2.421 Thread 0x000001cbf9817b70 Exception <a 'java/lang/NoClassDefFoundError'{0x0000000713536390}: org/apache/tomcat/util/http/Rfc6265CookieProcessor> (0x0000000713536390) 
thrown [s\open\src\hotspot\share\classfile\systemDictionary.cpp, line 301]
Event: 2.424 Thread 0x000001cb90c1e100 Exception <a 'java/lang/NoSuchMethodError'{0x00000007134962a0}: 'java.lang.Object java.lang.invoke.DirectMethodHandle$Holder.invokeStatic(java.lang.Object, int, java.lang.Object)'> (0x00000007134962a0) 
thrown [s\open\src\hotspot\share\interpreter\linkResolver.cpp, line 773]
Event: 2.424 Thread 0x000001cb90c1e100 Exception <a 'java/lang/NoSuchMethodError'{0x0000000713499900}: 'java.lang.Object java.lang.invoke.DirectMethodHandle$Holder.invokeStaticInit(java.lang.Object, int, java.lang.Object)'> (0x0000000713499900) 
thrown [s\open\src\hotspot\share\interpreter\linkResolver.cpp, line 773]

ZGC Phase Switch (0 events):
No events

VM Operations (20 events):
Event: 0.375 Executing VM operation: HandshakeAllThreads (Deoptimize) done
Event: 0.431 Executing VM operation: HandshakeAllThreads (Deoptimize)
Event: 0.432 Executing VM operation: HandshakeAllThreads (Deoptimize) done
Event: 0.500 Executing VM operation: ICBufferFull
Event: 0.500 Executing VM operation: ICBufferFull done
Event: 0.573 Executing VM operation: G1CollectForAllocation (G1 Evacuation Pause)
Event: 0.578 Executing VM operation: G1CollectForAllocation (G1 Evacuation Pause) done
Event: 0.774 Executing VM operation: HandshakeAllThreads (Deoptimize)
Event: 0.774 Executing VM operation: HandshakeAllThreads (Deoptimize) done
Event: 0.917 Executing VM operation: HandshakeAllThreads (Deoptimize)
Event: 0.917 Executing VM operation: HandshakeAllThreads (Deoptimize) done
Event: 1.227 Executing VM operation: G1CollectForAllocation (G1 Evacuation Pause)
Event: 1.231 Executing VM operation: G1CollectForAllocation (G1 Evacuation Pause) done
Event: 2.245 Executing VM operation: Cleanup
Event: 2.245 Executing VM operation: Cleanup done
Event: 2.397 Executing VM operation: HandshakeAllThreads (Deoptimize)
Event: 2.397 Executing VM operation: HandshakeAllThreads (Deoptimize) done
Event: 2.398 Executing VM operation: HandshakeAllThreads (Deoptimize)
Event: 2.398 Executing VM operation: HandshakeAllThreads (Deoptimize) done
Event: 3.410 Executing VM operation: Cleanup

Events (18 events):
Event: 0.026 Thread 0x000001cb90c1e100 Thread added: 0x000001cb90c1e100
Event: 0.036 Thread 0x000001cbb1c0b080 Thread added: 0x000001cbb1c0b080
Event: 0.036 Thread 0x000001cbb24a4090 Thread added: 0x000001cbb24a4090
Event: 0.037 Thread 0x000001cbb24a4cf0 Thread added: 0x000001cbb24a4cf0
Event: 0.037 Thread 0x000001cbb1c0dcf0 Thread added: 0x000001cbb1c0dcf0
Event: 0.037 Thread 0x000001cbb24aa780 Thread added: 0x000001cbb24aa780
Event: 0.037 Thread 0x000001cbb24ad300 Thread added: 0x000001cbb24ad300
Event: 0.037 Thread 0x000001cbb24b6320 Thread added: 0x000001cbb24b6320
Event: 0.037 Thread 0x000001cbb24d8850 Thread added: 0x000001cbb24d8850
Event: 0.051 Thread 0x000001cbb2664a80 Thread added: 0x000001cbb2664a80
Event: 0.053 Thread 0x000001cbb266e130 Thread added: 0x000001cbb266e130
Event: 0.128 Thread 0x000001cbb26b7650 Thread added: 0x000001cbb26b7650
Event: 0.195 Thread 0x000001cbb2824350 Thread added: 0x000001cbb2824350
Event: 0.212 Thread 0x000001cbb2861f40 Thread added: 0x000001cbb2861f40
Event: 2.354 Thread 0x000001cbb2861f40 Thread exited: 0x000001cbb2861f40
Event: 2.354 Thread 0x000001cbb2824350 Thread exited: 0x000001cbb2824350
Event: 2.406 Thread 0x000001cbf9817b70 Thread added: 0x000001cbf9817b70
Event: 2.422 Thread 0x000001cbf9817b70 Thread exited: 0x000001cbf9817b70


Dynamic libraries:
0x00007ff7ffa70000 - 0x00007ff7ffa80000 	C:\Program Files\Java\jdk-21\bin\java.exe
0x00007ff9099e0000 - 0x00007ff909c48000 	C:\WINDOWS\SYSTEM32\ntdll.dll
0x00007ff908a20000 - 0x00007ff908ae9000 	C:\WINDOWS\System32\KERNEL32.DLL
0x00007ff9071d0000 - 0x00007ff9075c2000 	C:\WINDOWS\System32\KERNELBASE.dll
0x00007ff906b70000 - 0x00007ff906cbb000 	C:\WINDOWS\System32\ucrtbase.dll
0x00007ff8ff270000 - 0x00007ff8ff28b000 	C:\Program Files\Java\jdk-21\bin\VCRUNTIME140.dll
0x00007ff8fe350000 - 0x00007ff8fe369000 	C:\Program Files\Java\jdk-21\bin\jli.dll
0x00007ff907e80000 - 0x00007ff907f34000 	C:\WINDOWS\System32\ADVAPI32.dll
0x00007ff908b80000 - 0x00007ff908c29000 	C:\WINDOWS\System32\msvcrt.dll
0x00007ff907cd0000 - 0x00007ff907d76000 	C:\WINDOWS\System32\sechost.dll
0x00007ff909880000 - 0x00007ff909998000 	C:\WINDOWS\System32\RPCRT4.dll
0x00007ff907a80000 - 0x00007ff907c45000 	C:\WINDOWS\System32\USER32.dll
0x00007ff9070e0000 - 0x00007ff907107000 	C:\WINDOWS\System32\win32u.dll
0x00007ff908af0000 - 0x00007ff908b1b000 	C:\WINDOWS\System32\GDI32.dll
0x00007ff906fb0000 - 0x00007ff9070dd000 	C:\WINDOWS\System32\gdi32full.dll
0x00007ff8fb0c0000 - 0x00007ff8fb353000 	C:\WINDOWS\WinSxS\amd64_microsoft.windows.common-controls_6595b64144ccf1df_6.0.26100.6899_none_3e0efeeae32e88c1\COMCTL32.dll
0x00007ff9075d0000 - 0x00007ff907673000 	C:\WINDOWS\System32\msvcp_win.dll
0x00007ff8fbad0000 - 0x00007ff8fbadb000 	C:\WINDOWS\SYSTEM32\VERSION.dll
0x00007ff9089e0000 - 0x00007ff908a0f000 	C:\WINDOWS\System32\IMM32.DLL
0x00007ff8fe200000 - 0x00007ff8fe20c000 	C:\Program Files\Java\jdk-21\bin\vcruntime140_1.dll
0x00007ff8acdf0000 - 0x00007ff8ace7e000 	C:\Program Files\Java\jdk-21\bin\msvcp140.dll
0x00007fffc78a0000 - 0x00007fffc85bd000 	C:\Program Files\Java\jdk-21\bin\server\jvm.dll
0x00007ff907d80000 - 0x00007ff907df4000 	C:\WINDOWS\System32\WS2_32.dll
0x00007ff9069d0000 - 0x00007ff906a2e000 	C:\WINDOWS\SYSTEM32\POWRPROF.dll
0x00007ff8fafe0000 - 0x00007ff8fb015000 	C:\WINDOWS\SYSTEM32\WINMM.dll
0x00007ff9069b0000 - 0x00007ff9069c4000 	C:\WINDOWS\SYSTEM32\UMPDC.dll
0x00007ff905860000 - 0x00007ff90587b000 	C:\WINDOWS\SYSTEM32\kernel.appcore.dll
0x00007ff8fe1f0000 - 0x00007ff8fe1fa000 	C:\Program Files\Java\jdk-21\bin\jimage.dll
0x00007ff9044e0000 - 0x00007ff904722000 	C:\WINDOWS\SYSTEM32\DBGHELP.DLL
0x00007ff907f40000 - 0x00007ff9082bb000 	C:\WINDOWS\System32\combase.dll
0x00007ff9079a0000 - 0x00007ff907a77000 	C:\WINDOWS\System32\OLEAUT32.dll
0x00007ff8fb3e0000 - 0x00007ff8fb41c000 	C:\WINDOWS\SYSTEM32\dbgcore.DLL
0x00007ff907710000 - 0x00007ff9077a8000 	C:\WINDOWS\System32\bcryptPrimitives.dll
0x00007ff8ad8b0000 - 0x00007ff8ad8cf000 	C:\Program Files\Java\jdk-21\bin\java.dll
0x00007ff909130000 - 0x00007ff90987d000 	C:\WINDOWS\System32\SHELL32.dll
0x00007ff906e40000 - 0x00007ff906fab000 	C:\WINDOWS\System32\wintypes.dll
0x00007ff904780000 - 0x00007ff904fdd000 	C:\WINDOWS\SYSTEM32\windows.storage.dll
0x00007ff908d40000 - 0x00007ff908e32000 	C:\WINDOWS\System32\SHCORE.dll
0x00007ff907e10000 - 0x00007ff907e72000 	C:\WINDOWS\System32\shlwapi.dll
0x00007ff906a90000 - 0x00007ff906ab9000 	C:\WINDOWS\SYSTEM32\profapi.dll
0x00007fffc77c0000 - 0x00007fffc7897000 	C:\Program Files\Java\jdk-21\bin\jsvml.dll
0x00007ff8f45a0000 - 0x00007ff8f45b0000 	C:\Program Files\Java\jdk-21\bin\net.dll
0x00007ff900fa0000 - 0x00007ff9010bf000 	C:\WINDOWS\SYSTEM32\WINHTTP.dll
0x00007ff905e50000 - 0x00007ff905ebb000 	C:\WINDOWS\system32\mswsock.dll
0x00007ff8ad890000 - 0x00007ff8ad8a6000 	C:\Program Files\Java\jdk-21\bin\nio.dll
0x00007ff8ad870000 - 0x00007ff8ad888000 	C:\Program Files\Java\jdk-21\bin\zip.dll
0x00007ff8ad860000 - 0x00007ff8ad870000 	C:\Program Files\Java\jdk-21\bin\verify.dll

dbghelp: loaded successfully - version: 4.0.5 - missing functions: none
symbol engine: initialized successfully - sym options: 0x614 - pdb path: .;C:\Program Files\Java\jdk-21\bin;C:\WINDOWS\SYSTEM32;C:\WINDOWS\WinSxS\amd64_microsoft.windows.common-controls_6595b64144ccf1df_6.0.26100.6899_none_3e0efeeae32e88c1;C:\Program Files\Java\jdk-21\bin\server

VM Arguments:
java_command: c:\Users\Admin\.vscode\extensions\salesforce.salesforce-vscode-slds-2.0.12\lsp-2.0.12-executable.jar --PORT=50642
java_class_path (initial): c:\Users\Admin\.vscode\extensions\salesforce.salesforce-vscode-slds-2.0.12\lsp-2.0.12-executable.jar
Launcher Type: SUN_STANDARD

[Global flags]
     intx CICompilerCount                          = 4                                         {product} {ergonomic}
     uint ConcGCThreads                            = 3                                         {product} {ergonomic}
     uint G1ConcRefinementThreads                  = 10                                        {product} {ergonomic}
   size_t G1HeapRegionSize                         = 2097152                                   {product} {ergonomic}
    uintx GCDrainStackTargetSize                   = 64                                        {product} {ergonomic}
   size_t InitialHeapSize                          = 264241152                                 {product} {ergonomic}
   size_t MarkStackSize                            = 4194304                                   {product} {ergonomic}
   size_t MaxHeapSize                              = 4223664128                                {product} {ergonomic}
   size_t MaxNewSize                               = 2533359616                                {product} {ergonomic}
   size_t MinHeapDeltaBytes                        = 2097152                                   {product} {ergonomic}
   size_t MinHeapSize                              = 8388608                                   {product} {ergonomic}
    uintx NonNMethodCodeHeapSize                   = 5839372                                {pd product} {ergonomic}
    uintx NonProfiledCodeHeapSize                  = 122909434                              {pd product} {ergonomic}
    uintx ProfiledCodeHeapSize                     = 122909434                              {pd product} {ergonomic}
    uintx ReservedCodeCacheSize                    = 251658240                              {pd product} {ergonomic}
     bool SegmentedCodeCache                       = true                                      {product} {ergonomic}
   size_t SoftMaxHeapSize                          = 4223664128                             {manageable} {ergonomic}
     bool UseCompressedOops                        = true                           {product lp64_product} {ergonomic}
     bool UseG1GC                                  = true                                      {product} {ergonomic}
     bool UseLargePagesIndividualAllocation        = false                                  {pd product} {ergonomic}

Logging:
Log output configuration:
 #0: stdout all=warning uptime,level,tags foldmultilines=false
 #1: stderr all=off uptime,level,tags foldmultilines=false

Environment Variables:
PATH=C:\Program Files\Common Files\Oracle\Java\javapath;C:\Program Files (x86)\Common Files\Oracle\Java\java8path;C:\WINDOWS\system32;C:\WINDOWS;C:\WINDOWS\System32\Wbem;C:\WINDOWS\System32\WindowsPowerShell\v1.0\;C:\WINDOWS\System32\OpenSSH\;C:\Program Files\Microsoft SQL Server\150\Tools\Binn\;C:\Program Files\Microsoft SQL Server\Client SDK\ODBC\170\Tools\Binn\;C:\Program Files\Git\cmd;C:\Program Files (x86)\Microsoft SQL Server\160\Tools\Binn\;C:\Program Files\Microsoft SQL Server\160\Tools\Binn\;C:\Program Files\Microsoft SQL Server\160\DTS\Binn\;C:\Program Files (x86)\Microsoft SQL Server\160\DTS\Binn\;C:\Program Files\nodejs\;C:\Program Files\Amazon\AWSCLIV2\;C:\Program Files\dotnet\;C:\Program Files\sf\bin;C:\Users\Admin\anaconda3\Scripts\;C:\Users\Admin\anaconda3\;C:\Users\Admin\AppData\Local\Programs\Python\Launcher\;C:\Users\Admin\anaconda3;C:\Users\Admin\anaconda3\Library\mingw-w64\bin;C:\Users\Admin\anaconda3\Library\usr\bin;C:\Users\Admin\anaconda3\Library\bin;C:\Users\Admin\anaconda3\Scripts;C:\Ruby33-x64\bin;C:\Users\Admin\AppData\Local\Programs\Python\Python313\Scripts\;C:\Users\Admin\AppData\Local\Programs\Python\Python313\;C:\Users\Admin\AppData\Local\Microsoft\WindowsApps;C:\Users\Admin\AppData\Local\Programs\Microsoft VS Code\bin;C:\Users\Admin\.dotnet\tools;C:\Users\Admin\AppData\Roaming\npm
USERNAME=Admin
OS=Windows_NT
PROCESSOR_IDENTIFIER=Intel64 Family 6 Model 186 Stepping 2, GenuineIntel
TMP=C:\Users\Admin\AppData\Local\Temp
TEMP=C:\Users\Admin\AppData\Local\Temp




Periodic native trim disabled

---------------  S Y S T E M  ---------------

OS:
 Windows 11 , 64 bit Build 26100 (10.0.26100.6725)
OS uptime: 3 days 18:10 hours
Hyper-V role detected

CPU: total 12 (initial active 12) (6 cores per cpu, 2 threads per core) family 6 model 186 stepping 2 microcode 0x410e, cx8, cmov, fxsr, ht, mmx, 3dnowpref, sse, sse2, sse3, ssse3, sse4.1, sse4.2, popcnt, lzcnt, tsc, tscinvbit, avx, avx2, aes, erms, clmul, bmi1, bmi2, adx, sha, fma, vzeroupper, clflush, clflushopt, clwb, hv, serialize, rdtscp, rdpid, fsrm, f16c, cet_ibt, cet_ss
Processor Information for processor 0
  Max Mhz: 2100, Current Mhz: 2100, Mhz Limit: 2100
Processor Information for processor 1
  Max Mhz: 2100, Current Mhz: 2100, Mhz Limit: 2100
Processor Information for processor 2
  Max Mhz: 2100, Current Mhz: 2100, Mhz Limit: 2100
Processor Information for processor 3
  Max Mhz: 2100, Current Mhz: 969, Mhz Limit: 2100
Processor Information for processor 4
  Max Mhz: 2100, Current Mhz: 2100, Mhz Limit: 2100
Processor Information for processor 5
  Max Mhz: 2100, Current Mhz: 2100, Mhz Limit: 2100
Processor Information for processor 6
  Max Mhz: 2100, Current Mhz: 2100, Mhz Limit: 2100
Processor Information for processor 7
  Max Mhz: 2100, Current Mhz: 2100, Mhz Limit: 2100
Processor Information for processor 8
  Max Mhz: 2100, Current Mhz: 1500, Mhz Limit: 1491
Processor Information for processor 9
  Max Mhz: 2100, Current Mhz: 1500, Mhz Limit: 1491
Processor Information for processor 10
  Max Mhz: 2100, Current Mhz: 1300, Mhz Limit: 1491
Processor Information for processor 11
  Max Mhz: 2100, Current Mhz: 1300, Mhz Limit: 1491

Memory: 4k page, system-wide physical 16107M (1283M free)
TotalPageFile size 24299M (AvailPageFile size 139M)
current process WorkingSet (physical memory assigned to process): 128M, peak: 128M
current process commit charge ("private bytes"): 382M, peak: 383M

vm_info: Java HotSpot(TM) 64-Bit Server VM (21.0.9+7-LTS-338) for windows-amd64 JRE (21.0.9+7-LTS-338), built on 2025-09-26T06:33:49Z by "mach5run" with MS VC++ 17.6 (VS2022)

END.
